#-----------------------------------------------------------
# Vivado v2018.2 (64-bit)
# SW Build 2258646 on Thu Jun 14 20:03:12 MDT 2018
# IP Build 2256618 on Thu Jun 14 22:10:49 MDT 2018
# Start of session at: Mon May 26 22:54:37 2025
# Process ID: 18364
# Current directory: C:/Users/malee/Desktop/final nanoprocessor
# Command line: vivado.exe -gui_launcher_event rodinguilauncherevent41636 C:\Users\malee\Desktop\final nanoprocessor\final nanoprocessor.xpr
# Log file: C:/Users/malee/Desktop/final nanoprocessor/vivado.log
# Journal file: C:/Users/malee/Desktop/final nanoprocessor\vivado.jou
#-----------------------------------------------------------
start_gui
open_project {C:/Users/malee/Desktop/final nanoprocessor/final nanoprocessor.xpr}
Scanning sources...
Finished scanning sources
INFO: [IP_Flow 19-234] Refreshing IP repositories
INFO: [IP_Flow 19-1704] No user IP repositories specified
INFO: [IP_Flow 19-2313] Loaded Vivado IP repository 'D:/vivado/Vivado/2018.2/data/ip'.
open_project: Time (s): cpu = 00:00:12 ; elapsed = 00:00:07 . Memory (MB): peak = 906.234 ; gain = 140.074
update_compile_order -fileset sources_1
reset_run synth_1
launch_runs synth_1 -jobs 10
[Mon May 26 22:55:18 2025] Launched synth_1...
Run output will be captured here: C:/Users/malee/Desktop/final nanoprocessor/final nanoprocessor.runs/synth_1/runme.log
launch_runs impl_1 -jobs 10
[Mon May 26 22:56:09 2025] Launched impl_1...
Run output will be captured here: C:/Users/malee/Desktop/final nanoprocessor/final nanoprocessor.runs/impl_1/runme.log
reset_run synth_1
launch_runs synth_1 -jobs 10
[Mon May 26 22:57:48 2025] Launched synth_1...
Run output will be captured here: C:/Users/malee/Desktop/final nanoprocessor/final nanoprocessor.runs/synth_1/runme.log
launch_runs impl_1 -jobs 10
[Mon May 26 22:58:39 2025] Launched impl_1...
Run output will be captured here: C:/Users/malee/Desktop/final nanoprocessor/final nanoprocessor.runs/impl_1/runme.log
open_run impl_1
INFO: [Netlist 29-17] Analyzing 12 Unisim elements for replacement
INFO: [Netlist 29-28] Unisim Transformation completed in 0 CPU seconds
INFO: [Project 1-479] Netlist was created with Vivado 2018.2
INFO: [Device 21-403] Loading part xc7a35tcpg236-1
INFO: [Project 1-570] Preparing netlist for logic optimization
INFO: [Timing 38-478] Restoring timing data from binary archive.
INFO: [Timing 38-479] Binary timing data restore complete.
INFO: [Project 1-856] Restoring constraints from binary archive.
INFO: [Project 1-853] Binary constraint restore complete.
Reading XDEF placement.
Reading placer database...
Reading XDEF routing.
Read XDEF File: Time (s): cpu = 00:00:00 ; elapsed = 00:00:00.044 . Memory (MB): peak = 1750.777 ; gain = 0.000
Restored from archive | CPU: 0.000000 secs | Memory: 0.000000 MB |
Finished XDEF File Restore: Time (s): cpu = 00:00:00 ; elapsed = 00:00:00.044 . Memory (MB): peak = 1750.777 ; gain = 0.000
INFO: [Project 1-111] Unisim Transformation Summary:
No Unisim elements were transformed.

open_run: Time (s): cpu = 00:00:29 ; elapsed = 00:00:25 . Memory (MB): peak = 1896.230 ; gain = 922.578
exit
INFO: [Common 17-206] Exiting Vivado at Mon May 26 23:07:40 2025...
