#-----------------------------------------------------------
# Vivado v2018.2 (64-bit)
# SW Build 2258646 on Thu Jun 14 20:03:12 MDT 2018
# IP Build 2256618 on Thu Jun 14 22:10:49 MDT 2018
# Start of session at: Fri May 16 09:04:08 2025
# Process ID: 7360
# Current directory: C:/Users/malee/Desktop/maleesha/programe_rom
# Command line: vivado.exe -gui_launcher_event rodinguilauncherevent27996 C:\Users\malee\Desktop\maleesha\programe_rom\programe_rom.xpr
# Log file: C:/Users/malee/Desktop/maleesha/programe_rom/vivado.log
# Journal file: C:/Users/malee/Desktop/maleesha/programe_rom\vivado.jou
#-----------------------------------------------------------
start_gui
open_project C:/Users/malee/Desktop/maleesha/programe_rom/programe_rom.xpr
Scanning sources...
Finished scanning sources
INFO: [IP_Flow 19-234] Refreshing IP repositories
INFO: [IP_Flow 19-1704] No user IP repositories specified
INFO: [IP_Flow 19-2313] Loaded Vivado IP repository 'D:/vivado/Vivado/2018.2/data/ip'.
open_project: Time (s): cpu = 00:00:22 ; elapsed = 00:00:13 . Memory (MB): peak = 918.973 ; gain = 120.258
update_compile_order -fileset sources_1
exit
INFO: [Common 17-206] Exiting Vivado at Fri May 16 09:05:03 2025...
