Copyright 1986-2018 Xilinx, Inc. All Rights Reserved.
-------------------------------------------------------------------------------------------
| Tool Version : Vivado v.2018.2 (win64) Build 2258646 Thu Jun 14 20:03:12 MDT 2018
| Date         : Mon May 26 22:59:22 2025
| Host         : mpk running 64-bit major release  (build 9200)
| Command      : report_control_sets -verbose -file Nano_Processor_control_sets_placed.rpt
| Design       : Nano_Processor
| Device       : xc7a35t
-------------------------------------------------------------------------------------------

Control Set Information

Table of Contents
-----------------
1. Summary
2. Histogram
3. Flip-Flop Distribution
4. Detailed Control Set Information

1. Summary
----------

+----------------------------------------------------------+-------+
|                          Status                          | Count |
+----------------------------------------------------------+-------+
| Number of unique control sets                            |     6 |
| Unused register locations in slices containing registers |     8 |
+----------------------------------------------------------+-------+


2. Histogram
------------

+--------+--------------+
| Fanout | Control Sets |
+--------+--------------+
|      4 |            1 |
|      6 |            1 |
|      8 |            3 |
|    16+ |            1 |
+--------+--------------+


3. Flip-Flop Distribution
-------------------------

+--------------+-----------------------+------------------------+-----------------+--------------+
| Clock Enable | Synchronous Set/Reset | Asynchronous Set/Reset | Total Registers | Total Slices |
+--------------+-----------------------+------------------------+-----------------+--------------+
| No           | No                    | No                     |               4 |            2 |
| No           | No                    | Yes                    |               0 |            0 |
| No           | Yes                   | No                     |              68 |            9 |
| Yes          | No                    | No                     |               0 |            0 |
| Yes          | No                    | Yes                    |               0 |            0 |
| Yes          | Yes                   | No                     |              24 |            3 |
+--------------+-----------------------+------------------------+-----------------+--------------+


4. Detailed Control Set Information
-----------------------------------

+-------------------+--------------------------------+------------------------------+------------------+----------------+
|    Clock Signal   |          Enable Signal         |       Set/Reset Signal       | Slice Load Count | Bel Load Count |
+-------------------+--------------------------------+------------------------------+------------------+----------------+
|  Clk_in_IBUF_BUFG |                                |                              |                2 |              4 |
|  Slow_Clock/CLK   |                                | Reset_IBUF                   |                1 |              6 |
|  Slow_Clock/CLK   | Program_Counter/CO_reg[0][0]   | Reset_IBUF                   |                1 |              8 |
|  Slow_Clock/CLK   | Program_Counter/CO_reg[0]_0[0] | Reset_IBUF                   |                1 |              8 |
|  Slow_Clock/CLK   | Program_Counter/E[0]           | Reset_IBUF                   |                1 |              8 |
|  Clk_in_IBUF_BUFG |                                | Slow_Clock/count[31]_i_1_n_0 |                8 |             62 |
+-------------------+--------------------------------+------------------------------+------------------+----------------+


