Copyright 1986-2018 Xilinx, Inc. All Rights Reserved.
-----------------------------------------------------------------------------------------------------------------------------------------------------------------------------------------------------------------
| Tool Version : Vivado v.2018.2 (win64) Build 2258646 Thu Jun 14 20:03:12 MDT 2018
| Date         : Mon May 26 22:59:45 2025
| Host         : mpk running 64-bit major release  (build 9200)
| Command      : report_timing_summary -max_paths 10 -file Nano_Processor_timing_summary_routed.rpt -pb Nano_Processor_timing_summary_routed.pb -rpx Nano_Processor_timing_summary_routed.rpx -warn_on_violation
| Design       : Nano_Processor
| Device       : 7a35t-cpg236
| Speed File   : -1  PRODUCTION 1.22 2018-03-21
-----------------------------------------------------------------------------------------------------------------------------------------------------------------------------------------------------------------

Timing Summary Report

------------------------------------------------------------------------------------------------
| Timer Settings
| --------------
------------------------------------------------------------------------------------------------

  Enable Multi Corner Analysis               :  Yes
  Enable Pessimism Removal                   :  Yes
  Pessimism Removal Resolution               :  Nearest Common Node
  Enable Input Delay Default Clock           :  No
  Enable Preset / Clear Arcs                 :  No
  Disable Flight Delays                      :  No
  Ignore I/O Paths                           :  No
  Timing Early Launch at Borrowing Latches   :  false

  Corner  Analyze    Analyze    
  Name    Max Paths  Min Paths  
  ------  ---------  ---------  
  Slow    Yes        Yes        
  Fast    Yes        Yes        



check_timing report

Table of Contents
-----------------
1. checking no_clock
2. checking constant_clock
3. checking pulse_width_clock
4. checking unconstrained_internal_endpoints
5. checking no_input_delay
6. checking no_output_delay
7. checking multiple_clock
8. checking generated_clocks
9. checking loops
10. checking partial_input_delay
11. checking partial_output_delay
12. checking latch_loops

1. checking no_clock
--------------------
 There are 15 register/latch pins with no clock driven by root clock pin: Clk_Mode (HIGH)

 There are 15 register/latch pins with no clock driven by root clock pin: Clk_Step (HIGH)

 There are 15 register/latch pins with no clock driven by root clock pin: Slow_Clock/clk_status_reg/Q (HIGH)


2. checking constant_clock
--------------------------
 There are 0 register/latch pins with constant_clock.


3. checking pulse_width_clock
-----------------------------
 There are 0 register/latch pins which need pulse_width check


4. checking unconstrained_internal_endpoints
--------------------------------------------
 There are 42 pins that are not constrained for maximum delay. (HIGH)

 There are 0 pins that are not constrained for maximum delay due to constant clock.


5. checking no_input_delay
--------------------------
 There is 1 input port with no input delay specified. (HIGH)

 There are 0 input ports with no input delay but user has a false path constraint.


6. checking no_output_delay
---------------------------
 There are 13 ports with no output delay specified. (HIGH)

 There are 0 ports with no output delay but user has a false path constraint

 There are 0 ports with no output delay but with a timing clock defined on it or propagating through it


7. checking multiple_clock
--------------------------
 There are 0 register/latch pins with multiple clocks.


8. checking generated_clocks
----------------------------
 There are 0 generated clocks that are not connected to a clock source.


9. checking loops
-----------------
 There are 0 combinational loops in the design.


10. checking partial_input_delay
--------------------------------
 There are 0 input ports with partial input delay specified.


11. checking partial_output_delay
---------------------------------
 There are 0 ports with partial output delay specified.


12. checking latch_loops
------------------------
 There are 0 combinational latch loops in the design through latch input



------------------------------------------------------------------------------------------------
| Design Timing Summary
| ---------------------
------------------------------------------------------------------------------------------------

    WNS(ns)      TNS(ns)  TNS Failing Endpoints  TNS Total Endpoints      WHS(ns)      THS(ns)  THS Failing Endpoints  THS Total Endpoints     WPWS(ns)     TPWS(ns)  TPWS Failing Endpoints  TPWS Total Endpoints  
    -------      -------  ---------------------  -------------------      -------      -------  ---------------------  -------------------     --------     --------  ----------------------  --------------------  
      5.623        0.000                      0                   64        0.263        0.000                      0                   64        4.500        0.000                       0                    34  


All user specified timing constraints are met.


------------------------------------------------------------------------------------------------
| Clock Summary
| -------------
------------------------------------------------------------------------------------------------

Clock        Waveform(ns)       Period(ns)      Frequency(MHz)
-----        ------------       ----------      --------------
sys_clk_pin  {0.000 5.000}      10.000          100.000         


------------------------------------------------------------------------------------------------
| Intra Clock Table
| -----------------
------------------------------------------------------------------------------------------------

Clock             WNS(ns)      TNS(ns)  TNS Failing Endpoints  TNS Total Endpoints      WHS(ns)      THS(ns)  THS Failing Endpoints  THS Total Endpoints     WPWS(ns)     TPWS(ns)  TPWS Failing Endpoints  TPWS Total Endpoints  
-----             -------      -------  ---------------------  -------------------      -------      -------  ---------------------  -------------------     --------     --------  ----------------------  --------------------  
sys_clk_pin         5.623        0.000                      0                   64        0.263        0.000                      0                   64        4.500        0.000                       0                    34  


------------------------------------------------------------------------------------------------
| Inter Clock Table
| -----------------
------------------------------------------------------------------------------------------------

From Clock    To Clock          WNS(ns)      TNS(ns)  TNS Failing Endpoints  TNS Total Endpoints      WHS(ns)      THS(ns)  THS Failing Endpoints  THS Total Endpoints  
----------    --------          -------      -------  ---------------------  -------------------      -------      -------  ---------------------  -------------------  


------------------------------------------------------------------------------------------------
| Other Path Groups Table
| -----------------------
------------------------------------------------------------------------------------------------

Path Group    From Clock    To Clock          WNS(ns)      TNS(ns)  TNS Failing Endpoints  TNS Total Endpoints      WHS(ns)      THS(ns)  THS Failing Endpoints  THS Total Endpoints  
----------    ----------    --------          -------      -------  ---------------------  -------------------      -------      -------  ---------------------  -------------------  


------------------------------------------------------------------------------------------------
| Timing Details
| --------------
------------------------------------------------------------------------------------------------


---------------------------------------------------------------------------------------------------
From Clock:  sys_clk_pin
  To Clock:  sys_clk_pin

Setup :            0  Failing Endpoints,  Worst Slack        5.623ns,  Total Violation        0.000ns
Hold  :            0  Failing Endpoints,  Worst Slack        0.263ns,  Total Violation        0.000ns
PW    :            0  Failing Endpoints,  Worst Slack        4.500ns,  Total Violation        0.000ns
---------------------------------------------------------------------------------------------------


Max Delay Paths
--------------------------------------------------------------------------------------
Slack (MET) :             5.623ns  (required time - arrival time)
  Source:                 Slow_Clock/count_reg[4]/C
                            (rising edge-triggered cell FDRE clocked by sys_clk_pin  {rise@0.000ns fall@5.000ns period=10.000ns})
  Destination:            Slow_Clock/count_reg[17]/R
                            (rising edge-triggered cell FDRE clocked by sys_clk_pin  {rise@0.000ns fall@5.000ns period=10.000ns})
  Path Group:             sys_clk_pin
  Path Type:              Setup (Max at Slow Process Corner)
  Requirement:            10.000ns  (sys_clk_pin rise@10.000ns - sys_clk_pin rise@0.000ns)
  Data Path Delay:        3.891ns  (logic 1.058ns (27.191%)  route 2.833ns (72.809%))
  Logic Levels:           3  (LUT4=2 LUT5=1)
  Clock Path Skew:        -0.022ns (DCD - SCD + CPR)
    Destination Clock Delay (DCD):    4.858ns = ( 14.858 - 10.000 ) 
    Source Clock Delay      (SCD):    5.154ns
    Clock Pessimism Removal (CPR):    0.274ns
  Clock Uncertainty:      0.035ns  ((TSJ^2 + TIJ^2)^1/2 + DJ) / 2 + PE
    Total System Jitter     (TSJ):    0.071ns
    Total Input Jitter      (TIJ):    0.000ns
    Discrete Jitter          (DJ):    0.000ns
    Phase Error              (PE):    0.000ns

    Location             Delay type                Incr(ns)  Path(ns)    Netlist Resource(s)
  -------------------------------------------------------------------    -------------------
                         (clock sys_clk_pin rise edge)
                                                      0.000     0.000 r  
    W5                                                0.000     0.000 r  Clk_in (IN)
                         net (fo=0)                   0.000     0.000    Clk_in
    W5                   IBUF (Prop_ibuf_I_O)         1.458     1.458 r  Clk_in_IBUF_inst/O
                         net (fo=1, routed)           1.967     3.425    Clk_in_IBUF
    BUFGCTRL_X0Y0        BUFG (Prop_bufg_I_O)         0.096     3.521 r  Clk_in_IBUF_BUFG_inst/O
                         net (fo=33, routed)          1.633     5.154    Slow_Clock/Clk_in_IBUF_BUFG
    SLICE_X65Y36         FDRE                                         r  Slow_Clock/count_reg[4]/C
  -------------------------------------------------------------------    -------------------
    SLICE_X65Y36         FDRE (Prop_fdre_C_Q)         0.456     5.610 f  Slow_Clock/count_reg[4]/Q
                         net (fo=2, routed)           0.823     6.434    Slow_Clock/count[4]
    SLICE_X64Y37         LUT4 (Prop_lut4_I1_O)        0.124     6.558 f  Slow_Clock/count[31]_i_8/O
                         net (fo=1, routed)           0.452     7.010    Slow_Clock/count[31]_i_8_n_0
    SLICE_X64Y37         LUT5 (Prop_lut5_I4_O)        0.150     7.160 f  Slow_Clock/count[31]_i_4/O
                         net (fo=2, routed)           0.746     7.905    Slow_Clock/count[31]_i_4_n_0
    SLICE_X64Y40         LUT4 (Prop_lut4_I1_O)        0.328     8.233 r  Slow_Clock/count[31]_i_1/O
                         net (fo=31, routed)          0.812     9.045    Slow_Clock/count[31]_i_1_n_0
    SLICE_X65Y40         FDRE                                         r  Slow_Clock/count_reg[17]/R
  -------------------------------------------------------------------    -------------------

                         (clock sys_clk_pin rise edge)
                                                     10.000    10.000 r  
    W5                                                0.000    10.000 r  Clk_in (IN)
                         net (fo=0)                   0.000    10.000    Clk_in
    W5                   IBUF (Prop_ibuf_I_O)         1.388    11.388 r  Clk_in_IBUF_inst/O
                         net (fo=1, routed)           1.862    13.250    Clk_in_IBUF
    BUFGCTRL_X0Y0        BUFG (Prop_bufg_I_O)         0.091    13.341 r  Clk_in_IBUF_BUFG_inst/O
                         net (fo=33, routed)          1.517    14.858    Slow_Clock/Clk_in_IBUF_BUFG
    SLICE_X65Y40         FDRE                                         r  Slow_Clock/count_reg[17]/C
                         clock pessimism              0.274    15.132    
                         clock uncertainty           -0.035    15.097    
    SLICE_X65Y40         FDRE (Setup_fdre_C_R)       -0.429    14.668    Slow_Clock/count_reg[17]
  -------------------------------------------------------------------
                         required time                         14.668    
                         arrival time                          -9.045    
  -------------------------------------------------------------------
                         slack                                  5.623    

Slack (MET) :             5.623ns  (required time - arrival time)
  Source:                 Slow_Clock/count_reg[4]/C
                            (rising edge-triggered cell FDRE clocked by sys_clk_pin  {rise@0.000ns fall@5.000ns period=10.000ns})
  Destination:            Slow_Clock/count_reg[18]/R
                            (rising edge-triggered cell FDRE clocked by sys_clk_pin  {rise@0.000ns fall@5.000ns period=10.000ns})
  Path Group:             sys_clk_pin
  Path Type:              Setup (Max at Slow Process Corner)
  Requirement:            10.000ns  (sys_clk_pin rise@10.000ns - sys_clk_pin rise@0.000ns)
  Data Path Delay:        3.891ns  (logic 1.058ns (27.191%)  route 2.833ns (72.809%))
  Logic Levels:           3  (LUT4=2 LUT5=1)
  Clock Path Skew:        -0.022ns (DCD - SCD + CPR)
    Destination Clock Delay (DCD):    4.858ns = ( 14.858 - 10.000 ) 
    Source Clock Delay      (SCD):    5.154ns
    Clock Pessimism Removal (CPR):    0.274ns
  Clock Uncertainty:      0.035ns  ((TSJ^2 + TIJ^2)^1/2 + DJ) / 2 + PE
    Total System Jitter     (TSJ):    0.071ns
    Total Input Jitter      (TIJ):    0.000ns
    Discrete Jitter          (DJ):    0.000ns
    Phase Error              (PE):    0.000ns

    Location             Delay type                Incr(ns)  Path(ns)    Netlist Resource(s)
  -------------------------------------------------------------------    -------------------
                         (clock sys_clk_pin rise edge)
                                                      0.000     0.000 r  
    W5                                                0.000     0.000 r  Clk_in (IN)
                         net (fo=0)                   0.000     0.000    Clk_in
    W5                   IBUF (Prop_ibuf_I_O)         1.458     1.458 r  Clk_in_IBUF_inst/O
                         net (fo=1, routed)           1.967     3.425    Clk_in_IBUF
    BUFGCTRL_X0Y0        BUFG (Prop_bufg_I_O)         0.096     3.521 r  Clk_in_IBUF_BUFG_inst/O
                         net (fo=33, routed)          1.633     5.154    Slow_Clock/Clk_in_IBUF_BUFG
    SLICE_X65Y36         FDRE                                         r  Slow_Clock/count_reg[4]/C
  -------------------------------------------------------------------    -------------------
    SLICE_X65Y36         FDRE (Prop_fdre_C_Q)         0.456     5.610 f  Slow_Clock/count_reg[4]/Q
                         net (fo=2, routed)           0.823     6.434    Slow_Clock/count[4]
    SLICE_X64Y37         LUT4 (Prop_lut4_I1_O)        0.124     6.558 f  Slow_Clock/count[31]_i_8/O
                         net (fo=1, routed)           0.452     7.010    Slow_Clock/count[31]_i_8_n_0
    SLICE_X64Y37         LUT5 (Prop_lut5_I4_O)        0.150     7.160 f  Slow_Clock/count[31]_i_4/O
                         net (fo=2, routed)           0.746     7.905    Slow_Clock/count[31]_i_4_n_0
    SLICE_X64Y40         LUT4 (Prop_lut4_I1_O)        0.328     8.233 r  Slow_Clock/count[31]_i_1/O
                         net (fo=31, routed)          0.812     9.045    Slow_Clock/count[31]_i_1_n_0
    SLICE_X65Y40         FDRE                                         r  Slow_Clock/count_reg[18]/R
  -------------------------------------------------------------------    -------------------

                         (clock sys_clk_pin rise edge)
                                                     10.000    10.000 r  
    W5                                                0.000    10.000 r  Clk_in (IN)
                         net (fo=0)                   0.000    10.000    Clk_in
    W5                   IBUF (Prop_ibuf_I_O)         1.388    11.388 r  Clk_in_IBUF_inst/O
                         net (fo=1, routed)           1.862    13.250    Clk_in_IBUF
    BUFGCTRL_X0Y0        BUFG (Prop_bufg_I_O)         0.091    13.341 r  Clk_in_IBUF_BUFG_inst/O
                         net (fo=33, routed)          1.517    14.858    Slow_Clock/Clk_in_IBUF_BUFG
    SLICE_X65Y40         FDRE                                         r  Slow_Clock/count_reg[18]/C
                         clock pessimism              0.274    15.132    
                         clock uncertainty           -0.035    15.097    
    SLICE_X65Y40         FDRE (Setup_fdre_C_R)       -0.429    14.668    Slow_Clock/count_reg[18]
  -------------------------------------------------------------------
                         required time                         14.668    
                         arrival time                          -9.045    
  -------------------------------------------------------------------
                         slack                                  5.623    

Slack (MET) :             5.623ns  (required time - arrival time)
  Source:                 Slow_Clock/count_reg[4]/C
                            (rising edge-triggered cell FDRE clocked by sys_clk_pin  {rise@0.000ns fall@5.000ns period=10.000ns})
  Destination:            Slow_Clock/count_reg[19]/R
                            (rising edge-triggered cell FDRE clocked by sys_clk_pin  {rise@0.000ns fall@5.000ns period=10.000ns})
  Path Group:             sys_clk_pin
  Path Type:              Setup (Max at Slow Process Corner)
  Requirement:            10.000ns  (sys_clk_pin rise@10.000ns - sys_clk_pin rise@0.000ns)
  Data Path Delay:        3.891ns  (logic 1.058ns (27.191%)  route 2.833ns (72.809%))
  Logic Levels:           3  (LUT4=2 LUT5=1)
  Clock Path Skew:        -0.022ns (DCD - SCD + CPR)
    Destination Clock Delay (DCD):    4.858ns = ( 14.858 - 10.000 ) 
    Source Clock Delay      (SCD):    5.154ns
    Clock Pessimism Removal (CPR):    0.274ns
  Clock Uncertainty:      0.035ns  ((TSJ^2 + TIJ^2)^1/2 + DJ) / 2 + PE
    Total System Jitter     (TSJ):    0.071ns
    Total Input Jitter      (TIJ):    0.000ns
    Discrete Jitter          (DJ):    0.000ns
    Phase Error              (PE):    0.000ns

    Location             Delay type                Incr(ns)  Path(ns)    Netlist Resource(s)
  -------------------------------------------------------------------    -------------------
                         (clock sys_clk_pin rise edge)
                                                      0.000     0.000 r  
    W5                                                0.000     0.000 r  Clk_in (IN)
                         net (fo=0)                   0.000     0.000    Clk_in
    W5                   IBUF (Prop_ibuf_I_O)         1.458     1.458 r  Clk_in_IBUF_inst/O
                         net (fo=1, routed)           1.967     3.425    Clk_in_IBUF
    BUFGCTRL_X0Y0        BUFG (Prop_bufg_I_O)         0.096     3.521 r  Clk_in_IBUF_BUFG_inst/O
                         net (fo=33, routed)          1.633     5.154    Slow_Clock/Clk_in_IBUF_BUFG
    SLICE_X65Y36         FDRE                                         r  Slow_Clock/count_reg[4]/C
  -------------------------------------------------------------------    -------------------
    SLICE_X65Y36         FDRE (Prop_fdre_C_Q)         0.456     5.610 f  Slow_Clock/count_reg[4]/Q
                         net (fo=2, routed)           0.823     6.434    Slow_Clock/count[4]
    SLICE_X64Y37         LUT4 (Prop_lut4_I1_O)        0.124     6.558 f  Slow_Clock/count[31]_i_8/O
                         net (fo=1, routed)           0.452     7.010    Slow_Clock/count[31]_i_8_n_0
    SLICE_X64Y37         LUT5 (Prop_lut5_I4_O)        0.150     7.160 f  Slow_Clock/count[31]_i_4/O
                         net (fo=2, routed)           0.746     7.905    Slow_Clock/count[31]_i_4_n_0
    SLICE_X64Y40         LUT4 (Prop_lut4_I1_O)        0.328     8.233 r  Slow_Clock/count[31]_i_1/O
                         net (fo=31, routed)          0.812     9.045    Slow_Clock/count[31]_i_1_n_0
    SLICE_X65Y40         FDRE                                         r  Slow_Clock/count_reg[19]/R
  -------------------------------------------------------------------    -------------------

                         (clock sys_clk_pin rise edge)
                                                     10.000    10.000 r  
    W5                                                0.000    10.000 r  Clk_in (IN)
                         net (fo=0)                   0.000    10.000    Clk_in
    W5                   IBUF (Prop_ibuf_I_O)         1.388    11.388 r  Clk_in_IBUF_inst/O
                         net (fo=1, routed)           1.862    13.250    Clk_in_IBUF
    BUFGCTRL_X0Y0        BUFG (Prop_bufg_I_O)         0.091    13.341 r  Clk_in_IBUF_BUFG_inst/O
                         net (fo=33, routed)          1.517    14.858    Slow_Clock/Clk_in_IBUF_BUFG
    SLICE_X65Y40         FDRE                                         r  Slow_Clock/count_reg[19]/C
                         clock pessimism              0.274    15.132    
                         clock uncertainty           -0.035    15.097    
    SLICE_X65Y40         FDRE (Setup_fdre_C_R)       -0.429    14.668    Slow_Clock/count_reg[19]
  -------------------------------------------------------------------
                         required time                         14.668    
                         arrival time                          -9.045    
  -------------------------------------------------------------------
                         slack                                  5.623    

Slack (MET) :             5.623ns  (required time - arrival time)
  Source:                 Slow_Clock/count_reg[4]/C
                            (rising edge-triggered cell FDRE clocked by sys_clk_pin  {rise@0.000ns fall@5.000ns period=10.000ns})
  Destination:            Slow_Clock/count_reg[20]/R
                            (rising edge-triggered cell FDRE clocked by sys_clk_pin  {rise@0.000ns fall@5.000ns period=10.000ns})
  Path Group:             sys_clk_pin
  Path Type:              Setup (Max at Slow Process Corner)
  Requirement:            10.000ns  (sys_clk_pin rise@10.000ns - sys_clk_pin rise@0.000ns)
  Data Path Delay:        3.891ns  (logic 1.058ns (27.191%)  route 2.833ns (72.809%))
  Logic Levels:           3  (LUT4=2 LUT5=1)
  Clock Path Skew:        -0.022ns (DCD - SCD + CPR)
    Destination Clock Delay (DCD):    4.858ns = ( 14.858 - 10.000 ) 
    Source Clock Delay      (SCD):    5.154ns
    Clock Pessimism Removal (CPR):    0.274ns
  Clock Uncertainty:      0.035ns  ((TSJ^2 + TIJ^2)^1/2 + DJ) / 2 + PE
    Total System Jitter     (TSJ):    0.071ns
    Total Input Jitter      (TIJ):    0.000ns
    Discrete Jitter          (DJ):    0.000ns
    Phase Error              (PE):    0.000ns

    Location             Delay type                Incr(ns)  Path(ns)    Netlist Resource(s)
  -------------------------------------------------------------------    -------------------
                         (clock sys_clk_pin rise edge)
                                                      0.000     0.000 r  
    W5                                                0.000     0.000 r  Clk_in (IN)
                         net (fo=0)                   0.000     0.000    Clk_in
    W5                   IBUF (Prop_ibuf_I_O)         1.458     1.458 r  Clk_in_IBUF_inst/O
                         net (fo=1, routed)           1.967     3.425    Clk_in_IBUF
    BUFGCTRL_X0Y0        BUFG (Prop_bufg_I_O)         0.096     3.521 r  Clk_in_IBUF_BUFG_inst/O
                         net (fo=33, routed)          1.633     5.154    Slow_Clock/Clk_in_IBUF_BUFG
    SLICE_X65Y36         FDRE                                         r  Slow_Clock/count_reg[4]/C
  -------------------------------------------------------------------    -------------------
    SLICE_X65Y36         FDRE (Prop_fdre_C_Q)         0.456     5.610 f  Slow_Clock/count_reg[4]/Q
                         net (fo=2, routed)           0.823     6.434    Slow_Clock/count[4]
    SLICE_X64Y37         LUT4 (Prop_lut4_I1_O)        0.124     6.558 f  Slow_Clock/count[31]_i_8/O
                         net (fo=1, routed)           0.452     7.010    Slow_Clock/count[31]_i_8_n_0
    SLICE_X64Y37         LUT5 (Prop_lut5_I4_O)        0.150     7.160 f  Slow_Clock/count[31]_i_4/O
                         net (fo=2, routed)           0.746     7.905    Slow_Clock/count[31]_i_4_n_0
    SLICE_X64Y40         LUT4 (Prop_lut4_I1_O)        0.328     8.233 r  Slow_Clock/count[31]_i_1/O
                         net (fo=31, routed)          0.812     9.045    Slow_Clock/count[31]_i_1_n_0
    SLICE_X65Y40         FDRE                                         r  Slow_Clock/count_reg[20]/R
  -------------------------------------------------------------------    -------------------

                         (clock sys_clk_pin rise edge)
                                                     10.000    10.000 r  
    W5                                                0.000    10.000 r  Clk_in (IN)
                         net (fo=0)                   0.000    10.000    Clk_in
    W5                   IBUF (Prop_ibuf_I_O)         1.388    11.388 r  Clk_in_IBUF_inst/O
                         net (fo=1, routed)           1.862    13.250    Clk_in_IBUF
    BUFGCTRL_X0Y0        BUFG (Prop_bufg_I_O)         0.091    13.341 r  Clk_in_IBUF_BUFG_inst/O
                         net (fo=33, routed)          1.517    14.858    Slow_Clock/Clk_in_IBUF_BUFG
    SLICE_X65Y40         FDRE                                         r  Slow_Clock/count_reg[20]/C
                         clock pessimism              0.274    15.132    
                         clock uncertainty           -0.035    15.097    
    SLICE_X65Y40         FDRE (Setup_fdre_C_R)       -0.429    14.668    Slow_Clock/count_reg[20]
  -------------------------------------------------------------------
                         required time                         14.668    
                         arrival time                          -9.045    
  -------------------------------------------------------------------
                         slack                                  5.623    

Slack (MET) :             5.746ns  (required time - arrival time)
  Source:                 Slow_Clock/count_reg[4]/C
                            (rising edge-triggered cell FDRE clocked by sys_clk_pin  {rise@0.000ns fall@5.000ns period=10.000ns})
  Destination:            Slow_Clock/count_reg[1]/R
                            (rising edge-triggered cell FDRE clocked by sys_clk_pin  {rise@0.000ns fall@5.000ns period=10.000ns})
  Path Group:             sys_clk_pin
  Path Type:              Setup (Max at Slow Process Corner)
  Requirement:            10.000ns  (sys_clk_pin rise@10.000ns - sys_clk_pin rise@0.000ns)
  Data Path Delay:        3.790ns  (logic 1.058ns (27.918%)  route 2.732ns (72.082%))
  Logic Levels:           3  (LUT4=2 LUT5=1)
  Clock Path Skew:        0.000ns (DCD - SCD + CPR)
    Destination Clock Delay (DCD):    4.855ns = ( 14.855 - 10.000 ) 
    Source Clock Delay      (SCD):    5.154ns
    Clock Pessimism Removal (CPR):    0.299ns
  Clock Uncertainty:      0.035ns  ((TSJ^2 + TIJ^2)^1/2 + DJ) / 2 + PE
    Total System Jitter     (TSJ):    0.071ns
    Total Input Jitter      (TIJ):    0.000ns
    Discrete Jitter          (DJ):    0.000ns
    Phase Error              (PE):    0.000ns

    Location             Delay type                Incr(ns)  Path(ns)    Netlist Resource(s)
  -------------------------------------------------------------------    -------------------
                         (clock sys_clk_pin rise edge)
                                                      0.000     0.000 r  
    W5                                                0.000     0.000 r  Clk_in (IN)
                         net (fo=0)                   0.000     0.000    Clk_in
    W5                   IBUF (Prop_ibuf_I_O)         1.458     1.458 r  Clk_in_IBUF_inst/O
                         net (fo=1, routed)           1.967     3.425    Clk_in_IBUF
    BUFGCTRL_X0Y0        BUFG (Prop_bufg_I_O)         0.096     3.521 r  Clk_in_IBUF_BUFG_inst/O
                         net (fo=33, routed)          1.633     5.154    Slow_Clock/Clk_in_IBUF_BUFG
    SLICE_X65Y36         FDRE                                         r  Slow_Clock/count_reg[4]/C
  -------------------------------------------------------------------    -------------------
    SLICE_X65Y36         FDRE (Prop_fdre_C_Q)         0.456     5.610 f  Slow_Clock/count_reg[4]/Q
                         net (fo=2, routed)           0.823     6.434    Slow_Clock/count[4]
    SLICE_X64Y37         LUT4 (Prop_lut4_I1_O)        0.124     6.558 f  Slow_Clock/count[31]_i_8/O
                         net (fo=1, routed)           0.452     7.010    Slow_Clock/count[31]_i_8_n_0
    SLICE_X64Y37         LUT5 (Prop_lut5_I4_O)        0.150     7.160 f  Slow_Clock/count[31]_i_4/O
                         net (fo=2, routed)           0.746     7.905    Slow_Clock/count[31]_i_4_n_0
    SLICE_X64Y40         LUT4 (Prop_lut4_I1_O)        0.328     8.233 r  Slow_Clock/count[31]_i_1/O
                         net (fo=31, routed)          0.711     8.944    Slow_Clock/count[31]_i_1_n_0
    SLICE_X65Y36         FDRE                                         r  Slow_Clock/count_reg[1]/R
  -------------------------------------------------------------------    -------------------

                         (clock sys_clk_pin rise edge)
                                                     10.000    10.000 r  
    W5                                                0.000    10.000 r  Clk_in (IN)
                         net (fo=0)                   0.000    10.000    Clk_in
    W5                   IBUF (Prop_ibuf_I_O)         1.388    11.388 r  Clk_in_IBUF_inst/O
                         net (fo=1, routed)           1.862    13.250    Clk_in_IBUF
    BUFGCTRL_X0Y0        BUFG (Prop_bufg_I_O)         0.091    13.341 r  Clk_in_IBUF_BUFG_inst/O
                         net (fo=33, routed)          1.514    14.855    Slow_Clock/Clk_in_IBUF_BUFG
    SLICE_X65Y36         FDRE                                         r  Slow_Clock/count_reg[1]/C
                         clock pessimism              0.299    15.154    
                         clock uncertainty           -0.035    15.119    
    SLICE_X65Y36         FDRE (Setup_fdre_C_R)       -0.429    14.690    Slow_Clock/count_reg[1]
  -------------------------------------------------------------------
                         required time                         14.690    
                         arrival time                          -8.944    
  -------------------------------------------------------------------
                         slack                                  5.746    

Slack (MET) :             5.746ns  (required time - arrival time)
  Source:                 Slow_Clock/count_reg[4]/C
                            (rising edge-triggered cell FDRE clocked by sys_clk_pin  {rise@0.000ns fall@5.000ns period=10.000ns})
  Destination:            Slow_Clock/count_reg[2]/R
                            (rising edge-triggered cell FDRE clocked by sys_clk_pin  {rise@0.000ns fall@5.000ns period=10.000ns})
  Path Group:             sys_clk_pin
  Path Type:              Setup (Max at Slow Process Corner)
  Requirement:            10.000ns  (sys_clk_pin rise@10.000ns - sys_clk_pin rise@0.000ns)
  Data Path Delay:        3.790ns  (logic 1.058ns (27.918%)  route 2.732ns (72.082%))
  Logic Levels:           3  (LUT4=2 LUT5=1)
  Clock Path Skew:        0.000ns (DCD - SCD + CPR)
    Destination Clock Delay (DCD):    4.855ns = ( 14.855 - 10.000 ) 
    Source Clock Delay      (SCD):    5.154ns
    Clock Pessimism Removal (CPR):    0.299ns
  Clock Uncertainty:      0.035ns  ((TSJ^2 + TIJ^2)^1/2 + DJ) / 2 + PE
    Total System Jitter     (TSJ):    0.071ns
    Total Input Jitter      (TIJ):    0.000ns
    Discrete Jitter          (DJ):    0.000ns
    Phase Error              (PE):    0.000ns

    Location             Delay type                Incr(ns)  Path(ns)    Netlist Resource(s)
  -------------------------------------------------------------------    -------------------
                         (clock sys_clk_pin rise edge)
                                                      0.000     0.000 r  
    W5                                                0.000     0.000 r  Clk_in (IN)
                         net (fo=0)                   0.000     0.000    Clk_in
    W5                   IBUF (Prop_ibuf_I_O)         1.458     1.458 r  Clk_in_IBUF_inst/O
                         net (fo=1, routed)           1.967     3.425    Clk_in_IBUF
    BUFGCTRL_X0Y0        BUFG (Prop_bufg_I_O)         0.096     3.521 r  Clk_in_IBUF_BUFG_inst/O
                         net (fo=33, routed)          1.633     5.154    Slow_Clock/Clk_in_IBUF_BUFG
    SLICE_X65Y36         FDRE                                         r  Slow_Clock/count_reg[4]/C
  -------------------------------------------------------------------    -------------------
    SLICE_X65Y36         FDRE (Prop_fdre_C_Q)         0.456     5.610 f  Slow_Clock/count_reg[4]/Q
                         net (fo=2, routed)           0.823     6.434    Slow_Clock/count[4]
    SLICE_X64Y37         LUT4 (Prop_lut4_I1_O)        0.124     6.558 f  Slow_Clock/count[31]_i_8/O
                         net (fo=1, routed)           0.452     7.010    Slow_Clock/count[31]_i_8_n_0
    SLICE_X64Y37         LUT5 (Prop_lut5_I4_O)        0.150     7.160 f  Slow_Clock/count[31]_i_4/O
                         net (fo=2, routed)           0.746     7.905    Slow_Clock/count[31]_i_4_n_0
    SLICE_X64Y40         LUT4 (Prop_lut4_I1_O)        0.328     8.233 r  Slow_Clock/count[31]_i_1/O
                         net (fo=31, routed)          0.711     8.944    Slow_Clock/count[31]_i_1_n_0
    SLICE_X65Y36         FDRE                                         r  Slow_Clock/count_reg[2]/R
  -------------------------------------------------------------------    -------------------

                         (clock sys_clk_pin rise edge)
                                                     10.000    10.000 r  
    W5                                                0.000    10.000 r  Clk_in (IN)
                         net (fo=0)                   0.000    10.000    Clk_in
    W5                   IBUF (Prop_ibuf_I_O)         1.388    11.388 r  Clk_in_IBUF_inst/O
                         net (fo=1, routed)           1.862    13.250    Clk_in_IBUF
    BUFGCTRL_X0Y0        BUFG (Prop_bufg_I_O)         0.091    13.341 r  Clk_in_IBUF_BUFG_inst/O
                         net (fo=33, routed)          1.514    14.855    Slow_Clock/Clk_in_IBUF_BUFG
    SLICE_X65Y36         FDRE                                         r  Slow_Clock/count_reg[2]/C
                         clock pessimism              0.299    15.154    
                         clock uncertainty           -0.035    15.119    
    SLICE_X65Y36         FDRE (Setup_fdre_C_R)       -0.429    14.690    Slow_Clock/count_reg[2]
  -------------------------------------------------------------------
                         required time                         14.690    
                         arrival time                          -8.944    
  -------------------------------------------------------------------
                         slack                                  5.746    

Slack (MET) :             5.746ns  (required time - arrival time)
  Source:                 Slow_Clock/count_reg[4]/C
                            (rising edge-triggered cell FDRE clocked by sys_clk_pin  {rise@0.000ns fall@5.000ns period=10.000ns})
  Destination:            Slow_Clock/count_reg[3]/R
                            (rising edge-triggered cell FDRE clocked by sys_clk_pin  {rise@0.000ns fall@5.000ns period=10.000ns})
  Path Group:             sys_clk_pin
  Path Type:              Setup (Max at Slow Process Corner)
  Requirement:            10.000ns  (sys_clk_pin rise@10.000ns - sys_clk_pin rise@0.000ns)
  Data Path Delay:        3.790ns  (logic 1.058ns (27.918%)  route 2.732ns (72.082%))
  Logic Levels:           3  (LUT4=2 LUT5=1)
  Clock Path Skew:        0.000ns (DCD - SCD + CPR)
    Destination Clock Delay (DCD):    4.855ns = ( 14.855 - 10.000 ) 
    Source Clock Delay      (SCD):    5.154ns
    Clock Pessimism Removal (CPR):    0.299ns
  Clock Uncertainty:      0.035ns  ((TSJ^2 + TIJ^2)^1/2 + DJ) / 2 + PE
    Total System Jitter     (TSJ):    0.071ns
    Total Input Jitter      (TIJ):    0.000ns
    Discrete Jitter          (DJ):    0.000ns
    Phase Error              (PE):    0.000ns

    Location             Delay type                Incr(ns)  Path(ns)    Netlist Resource(s)
  -------------------------------------------------------------------    -------------------
                         (clock sys_clk_pin rise edge)
                                                      0.000     0.000 r  
    W5                                                0.000     0.000 r  Clk_in (IN)
                         net (fo=0)                   0.000     0.000    Clk_in
    W5                   IBUF (Prop_ibuf_I_O)         1.458     1.458 r  Clk_in_IBUF_inst/O
                         net (fo=1, routed)           1.967     3.425    Clk_in_IBUF
    BUFGCTRL_X0Y0        BUFG (Prop_bufg_I_O)         0.096     3.521 r  Clk_in_IBUF_BUFG_inst/O
                         net (fo=33, routed)          1.633     5.154    Slow_Clock/Clk_in_IBUF_BUFG
    SLICE_X65Y36         FDRE                                         r  Slow_Clock/count_reg[4]/C
  -------------------------------------------------------------------    -------------------
    SLICE_X65Y36         FDRE (Prop_fdre_C_Q)         0.456     5.610 f  Slow_Clock/count_reg[4]/Q
                         net (fo=2, routed)           0.823     6.434    Slow_Clock/count[4]
    SLICE_X64Y37         LUT4 (Prop_lut4_I1_O)        0.124     6.558 f  Slow_Clock/count[31]_i_8/O
                         net (fo=1, routed)           0.452     7.010    Slow_Clock/count[31]_i_8_n_0
    SLICE_X64Y37         LUT5 (Prop_lut5_I4_O)        0.150     7.160 f  Slow_Clock/count[31]_i_4/O
                         net (fo=2, routed)           0.746     7.905    Slow_Clock/count[31]_i_4_n_0
    SLICE_X64Y40         LUT4 (Prop_lut4_I1_O)        0.328     8.233 r  Slow_Clock/count[31]_i_1/O
                         net (fo=31, routed)          0.711     8.944    Slow_Clock/count[31]_i_1_n_0
    SLICE_X65Y36         FDRE                                         r  Slow_Clock/count_reg[3]/R
  -------------------------------------------------------------------    -------------------

                         (clock sys_clk_pin rise edge)
                                                     10.000    10.000 r  
    W5                                                0.000    10.000 r  Clk_in (IN)
                         net (fo=0)                   0.000    10.000    Clk_in
    W5                   IBUF (Prop_ibuf_I_O)         1.388    11.388 r  Clk_in_IBUF_inst/O
                         net (fo=1, routed)           1.862    13.250    Clk_in_IBUF
    BUFGCTRL_X0Y0        BUFG (Prop_bufg_I_O)         0.091    13.341 r  Clk_in_IBUF_BUFG_inst/O
                         net (fo=33, routed)          1.514    14.855    Slow_Clock/Clk_in_IBUF_BUFG
    SLICE_X65Y36         FDRE                                         r  Slow_Clock/count_reg[3]/C
                         clock pessimism              0.299    15.154    
                         clock uncertainty           -0.035    15.119    
    SLICE_X65Y36         FDRE (Setup_fdre_C_R)       -0.429    14.690    Slow_Clock/count_reg[3]
  -------------------------------------------------------------------
                         required time                         14.690    
                         arrival time                          -8.944    
  -------------------------------------------------------------------
                         slack                                  5.746    

Slack (MET) :             5.746ns  (required time - arrival time)
  Source:                 Slow_Clock/count_reg[4]/C
                            (rising edge-triggered cell FDRE clocked by sys_clk_pin  {rise@0.000ns fall@5.000ns period=10.000ns})
  Destination:            Slow_Clock/count_reg[4]/R
                            (rising edge-triggered cell FDRE clocked by sys_clk_pin  {rise@0.000ns fall@5.000ns period=10.000ns})
  Path Group:             sys_clk_pin
  Path Type:              Setup (Max at Slow Process Corner)
  Requirement:            10.000ns  (sys_clk_pin rise@10.000ns - sys_clk_pin rise@0.000ns)
  Data Path Delay:        3.790ns  (logic 1.058ns (27.918%)  route 2.732ns (72.082%))
  Logic Levels:           3  (LUT4=2 LUT5=1)
  Clock Path Skew:        0.000ns (DCD - SCD + CPR)
    Destination Clock Delay (DCD):    4.855ns = ( 14.855 - 10.000 ) 
    Source Clock Delay      (SCD):    5.154ns
    Clock Pessimism Removal (CPR):    0.299ns
  Clock Uncertainty:      0.035ns  ((TSJ^2 + TIJ^2)^1/2 + DJ) / 2 + PE
    Total System Jitter     (TSJ):    0.071ns
    Total Input Jitter      (TIJ):    0.000ns
    Discrete Jitter          (DJ):    0.000ns
    Phase Error              (PE):    0.000ns

    Location             Delay type                Incr(ns)  Path(ns)    Netlist Resource(s)
  -------------------------------------------------------------------    -------------------
                         (clock sys_clk_pin rise edge)
                                                      0.000     0.000 r  
    W5                                                0.000     0.000 r  Clk_in (IN)
                         net (fo=0)                   0.000     0.000    Clk_in
    W5                   IBUF (Prop_ibuf_I_O)         1.458     1.458 r  Clk_in_IBUF_inst/O
                         net (fo=1, routed)           1.967     3.425    Clk_in_IBUF
    BUFGCTRL_X0Y0        BUFG (Prop_bufg_I_O)         0.096     3.521 r  Clk_in_IBUF_BUFG_inst/O
                         net (fo=33, routed)          1.633     5.154    Slow_Clock/Clk_in_IBUF_BUFG
    SLICE_X65Y36         FDRE                                         r  Slow_Clock/count_reg[4]/C
  -------------------------------------------------------------------    -------------------
    SLICE_X65Y36         FDRE (Prop_fdre_C_Q)         0.456     5.610 f  Slow_Clock/count_reg[4]/Q
                         net (fo=2, routed)           0.823     6.434    Slow_Clock/count[4]
    SLICE_X64Y37         LUT4 (Prop_lut4_I1_O)        0.124     6.558 f  Slow_Clock/count[31]_i_8/O
                         net (fo=1, routed)           0.452     7.010    Slow_Clock/count[31]_i_8_n_0
    SLICE_X64Y37         LUT5 (Prop_lut5_I4_O)        0.150     7.160 f  Slow_Clock/count[31]_i_4/O
                         net (fo=2, routed)           0.746     7.905    Slow_Clock/count[31]_i_4_n_0
    SLICE_X64Y40         LUT4 (Prop_lut4_I1_O)        0.328     8.233 r  Slow_Clock/count[31]_i_1/O
                         net (fo=31, routed)          0.711     8.944    Slow_Clock/count[31]_i_1_n_0
    SLICE_X65Y36         FDRE                                         r  Slow_Clock/count_reg[4]/R
  -------------------------------------------------------------------    -------------------

                         (clock sys_clk_pin rise edge)
                                                     10.000    10.000 r  
    W5                                                0.000    10.000 r  Clk_in (IN)
                         net (fo=0)                   0.000    10.000    Clk_in
    W5                   IBUF (Prop_ibuf_I_O)         1.388    11.388 r  Clk_in_IBUF_inst/O
                         net (fo=1, routed)           1.862    13.250    Clk_in_IBUF
    BUFGCTRL_X0Y0        BUFG (Prop_bufg_I_O)         0.091    13.341 r  Clk_in_IBUF_BUFG_inst/O
                         net (fo=33, routed)          1.514    14.855    Slow_Clock/Clk_in_IBUF_BUFG
    SLICE_X65Y36         FDRE                                         r  Slow_Clock/count_reg[4]/C
                         clock pessimism              0.299    15.154    
                         clock uncertainty           -0.035    15.119    
    SLICE_X65Y36         FDRE (Setup_fdre_C_R)       -0.429    14.690    Slow_Clock/count_reg[4]
  -------------------------------------------------------------------
                         required time                         14.690    
                         arrival time                          -8.944    
  -------------------------------------------------------------------
                         slack                                  5.746    

Slack (MET) :             5.771ns  (required time - arrival time)
  Source:                 Slow_Clock/count_reg[4]/C
                            (rising edge-triggered cell FDRE clocked by sys_clk_pin  {rise@0.000ns fall@5.000ns period=10.000ns})
  Destination:            Slow_Clock/count_reg[5]/R
                            (rising edge-triggered cell FDRE clocked by sys_clk_pin  {rise@0.000ns fall@5.000ns period=10.000ns})
  Path Group:             sys_clk_pin
  Path Type:              Setup (Max at Slow Process Corner)
  Requirement:            10.000ns  (sys_clk_pin rise@10.000ns - sys_clk_pin rise@0.000ns)
  Data Path Delay:        3.741ns  (logic 1.058ns (28.283%)  route 2.683ns (71.717%))
  Logic Levels:           3  (LUT4=2 LUT5=1)
  Clock Path Skew:        -0.024ns (DCD - SCD + CPR)
    Destination Clock Delay (DCD):    4.856ns = ( 14.856 - 10.000 ) 
    Source Clock Delay      (SCD):    5.154ns
    Clock Pessimism Removal (CPR):    0.274ns
  Clock Uncertainty:      0.035ns  ((TSJ^2 + TIJ^2)^1/2 + DJ) / 2 + PE
    Total System Jitter     (TSJ):    0.071ns
    Total Input Jitter      (TIJ):    0.000ns
    Discrete Jitter          (DJ):    0.000ns
    Phase Error              (PE):    0.000ns

    Location             Delay type                Incr(ns)  Path(ns)    Netlist Resource(s)
  -------------------------------------------------------------------    -------------------
                         (clock sys_clk_pin rise edge)
                                                      0.000     0.000 r  
    W5                                                0.000     0.000 r  Clk_in (IN)
                         net (fo=0)                   0.000     0.000    Clk_in
    W5                   IBUF (Prop_ibuf_I_O)         1.458     1.458 r  Clk_in_IBUF_inst/O
                         net (fo=1, routed)           1.967     3.425    Clk_in_IBUF
    BUFGCTRL_X0Y0        BUFG (Prop_bufg_I_O)         0.096     3.521 r  Clk_in_IBUF_BUFG_inst/O
                         net (fo=33, routed)          1.633     5.154    Slow_Clock/Clk_in_IBUF_BUFG
    SLICE_X65Y36         FDRE                                         r  Slow_Clock/count_reg[4]/C
  -------------------------------------------------------------------    -------------------
    SLICE_X65Y36         FDRE (Prop_fdre_C_Q)         0.456     5.610 f  Slow_Clock/count_reg[4]/Q
                         net (fo=2, routed)           0.823     6.434    Slow_Clock/count[4]
    SLICE_X64Y37         LUT4 (Prop_lut4_I1_O)        0.124     6.558 f  Slow_Clock/count[31]_i_8/O
                         net (fo=1, routed)           0.452     7.010    Slow_Clock/count[31]_i_8_n_0
    SLICE_X64Y37         LUT5 (Prop_lut5_I4_O)        0.150     7.160 f  Slow_Clock/count[31]_i_4/O
                         net (fo=2, routed)           0.746     7.905    Slow_Clock/count[31]_i_4_n_0
    SLICE_X64Y40         LUT4 (Prop_lut4_I1_O)        0.328     8.233 r  Slow_Clock/count[31]_i_1/O
                         net (fo=31, routed)          0.662     8.895    Slow_Clock/count[31]_i_1_n_0
    SLICE_X65Y37         FDRE                                         r  Slow_Clock/count_reg[5]/R
  -------------------------------------------------------------------    -------------------

                         (clock sys_clk_pin rise edge)
                                                     10.000    10.000 r  
    W5                                                0.000    10.000 r  Clk_in (IN)
                         net (fo=0)                   0.000    10.000    Clk_in
    W5                   IBUF (Prop_ibuf_I_O)         1.388    11.388 r  Clk_in_IBUF_inst/O
                         net (fo=1, routed)           1.862    13.250    Clk_in_IBUF
    BUFGCTRL_X0Y0        BUFG (Prop_bufg_I_O)         0.091    13.341 r  Clk_in_IBUF_BUFG_inst/O
                         net (fo=33, routed)          1.515    14.856    Slow_Clock/Clk_in_IBUF_BUFG
    SLICE_X65Y37         FDRE                                         r  Slow_Clock/count_reg[5]/C
                         clock pessimism              0.274    15.130    
                         clock uncertainty           -0.035    15.095    
    SLICE_X65Y37         FDRE (Setup_fdre_C_R)       -0.429    14.666    Slow_Clock/count_reg[5]
  -------------------------------------------------------------------
                         required time                         14.666    
                         arrival time                          -8.895    
  -------------------------------------------------------------------
                         slack                                  5.771    

Slack (MET) :             5.771ns  (required time - arrival time)
  Source:                 Slow_Clock/count_reg[4]/C
                            (rising edge-triggered cell FDRE clocked by sys_clk_pin  {rise@0.000ns fall@5.000ns period=10.000ns})
  Destination:            Slow_Clock/count_reg[6]/R
                            (rising edge-triggered cell FDRE clocked by sys_clk_pin  {rise@0.000ns fall@5.000ns period=10.000ns})
  Path Group:             sys_clk_pin
  Path Type:              Setup (Max at Slow Process Corner)
  Requirement:            10.000ns  (sys_clk_pin rise@10.000ns - sys_clk_pin rise@0.000ns)
  Data Path Delay:        3.741ns  (logic 1.058ns (28.283%)  route 2.683ns (71.717%))
  Logic Levels:           3  (LUT4=2 LUT5=1)
  Clock Path Skew:        -0.024ns (DCD - SCD + CPR)
    Destination Clock Delay (DCD):    4.856ns = ( 14.856 - 10.000 ) 
    Source Clock Delay      (SCD):    5.154ns
    Clock Pessimism Removal (CPR):    0.274ns
  Clock Uncertainty:      0.035ns  ((TSJ^2 + TIJ^2)^1/2 + DJ) / 2 + PE
    Total System Jitter     (TSJ):    0.071ns
    Total Input Jitter      (TIJ):    0.000ns
    Discrete Jitter          (DJ):    0.000ns
    Phase Error              (PE):    0.000ns

    Location             Delay type                Incr(ns)  Path(ns)    Netlist Resource(s)
  -------------------------------------------------------------------    -------------------
                         (clock sys_clk_pin rise edge)
                                                      0.000     0.000 r  
    W5                                                0.000     0.000 r  Clk_in (IN)
                         net (fo=0)                   0.000     0.000    Clk_in
    W5                   IBUF (Prop_ibuf_I_O)         1.458     1.458 r  Clk_in_IBUF_inst/O
                         net (fo=1, routed)           1.967     3.425    Clk_in_IBUF
    BUFGCTRL_X0Y0        BUFG (Prop_bufg_I_O)         0.096     3.521 r  Clk_in_IBUF_BUFG_inst/O
                         net (fo=33, routed)          1.633     5.154    Slow_Clock/Clk_in_IBUF_BUFG
    SLICE_X65Y36         FDRE                                         r  Slow_Clock/count_reg[4]/C
  -------------------------------------------------------------------    -------------------
    SLICE_X65Y36         FDRE (Prop_fdre_C_Q)         0.456     5.610 f  Slow_Clock/count_reg[4]/Q
                         net (fo=2, routed)           0.823     6.434    Slow_Clock/count[4]
    SLICE_X64Y37         LUT4 (Prop_lut4_I1_O)        0.124     6.558 f  Slow_Clock/count[31]_i_8/O
                         net (fo=1, routed)           0.452     7.010    Slow_Clock/count[31]_i_8_n_0
    SLICE_X64Y37         LUT5 (Prop_lut5_I4_O)        0.150     7.160 f  Slow_Clock/count[31]_i_4/O
                         net (fo=2, routed)           0.746     7.905    Slow_Clock/count[31]_i_4_n_0
    SLICE_X64Y40         LUT4 (Prop_lut4_I1_O)        0.328     8.233 r  Slow_Clock/count[31]_i_1/O
                         net (fo=31, routed)          0.662     8.895    Slow_Clock/count[31]_i_1_n_0
    SLICE_X65Y37         FDRE                                         r  Slow_Clock/count_reg[6]/R
  -------------------------------------------------------------------    -------------------

                         (clock sys_clk_pin rise edge)
                                                     10.000    10.000 r  
    W5                                                0.000    10.000 r  Clk_in (IN)
                         net (fo=0)                   0.000    10.000    Clk_in
    W5                   IBUF (Prop_ibuf_I_O)         1.388    11.388 r  Clk_in_IBUF_inst/O
                         net (fo=1, routed)           1.862    13.250    Clk_in_IBUF
    BUFGCTRL_X0Y0        BUFG (Prop_bufg_I_O)         0.091    13.341 r  Clk_in_IBUF_BUFG_inst/O
                         net (fo=33, routed)          1.515    14.856    Slow_Clock/Clk_in_IBUF_BUFG
    SLICE_X65Y37         FDRE                                         r  Slow_Clock/count_reg[6]/C
                         clock pessimism              0.274    15.130    
                         clock uncertainty           -0.035    15.095    
    SLICE_X65Y37         FDRE (Setup_fdre_C_R)       -0.429    14.666    Slow_Clock/count_reg[6]
  -------------------------------------------------------------------
                         required time                         14.666    
                         arrival time                          -8.895    
  -------------------------------------------------------------------
                         slack                                  5.771    





Min Delay Paths
--------------------------------------------------------------------------------------
Slack (MET) :             0.263ns  (arrival time - required time)
  Source:                 Slow_Clock/clk_status_reg/C
                            (rising edge-triggered cell FDRE clocked by sys_clk_pin  {rise@0.000ns fall@5.000ns period=10.000ns})
  Destination:            Slow_Clock/clk_status_reg/D
                            (rising edge-triggered cell FDRE clocked by sys_clk_pin  {rise@0.000ns fall@5.000ns period=10.000ns})
  Path Group:             sys_clk_pin
  Path Type:              Hold (Min at Fast Process Corner)
  Requirement:            0.000ns  (sys_clk_pin rise@0.000ns - sys_clk_pin rise@0.000ns)
  Data Path Delay:        0.383ns  (logic 0.209ns (54.569%)  route 0.174ns (45.431%))
  Logic Levels:           1  (LUT5=1)
  Clock Path Skew:        0.000ns (DCD - SCD - CPR)
    Destination Clock Delay (DCD):    1.992ns
    Source Clock Delay      (SCD):    1.477ns
    Clock Pessimism Removal (CPR):    0.515ns

    Location             Delay type                Incr(ns)  Path(ns)    Netlist Resource(s)
  -------------------------------------------------------------------    -------------------
                         (clock sys_clk_pin rise edge)
                                                      0.000     0.000 r  
    W5                                                0.000     0.000 r  Clk_in (IN)
                         net (fo=0)                   0.000     0.000    Clk_in
    W5                   IBUF (Prop_ibuf_I_O)         0.226     0.226 r  Clk_in_IBUF_inst/O
                         net (fo=1, routed)           0.631     0.858    Clk_in_IBUF
    BUFGCTRL_X0Y0        BUFG (Prop_bufg_I_O)         0.026     0.884 r  Clk_in_IBUF_BUFG_inst/O
                         net (fo=33, routed)          0.594     1.477    Slow_Clock/Clk_in_IBUF_BUFG
    SLICE_X64Y40         FDRE                                         r  Slow_Clock/clk_status_reg/C
  -------------------------------------------------------------------    -------------------
    SLICE_X64Y40         FDRE (Prop_fdre_C_Q)         0.164     1.641 r  Slow_Clock/clk_status_reg/Q
                         net (fo=2, routed)           0.174     1.815    Slow_Clock/Clk_out
    SLICE_X64Y40         LUT5 (Prop_lut5_I4_O)        0.045     1.860 r  Slow_Clock/clk_status_i_1/O
                         net (fo=1, routed)           0.000     1.860    Slow_Clock/clk_status_i_1_n_0
    SLICE_X64Y40         FDRE                                         r  Slow_Clock/clk_status_reg/D
  -------------------------------------------------------------------    -------------------

                         (clock sys_clk_pin rise edge)
                                                      0.000     0.000 r  
    W5                                                0.000     0.000 r  Clk_in (IN)
                         net (fo=0)                   0.000     0.000    Clk_in
    W5                   IBUF (Prop_ibuf_I_O)         0.414     0.414 r  Clk_in_IBUF_inst/O
                         net (fo=1, routed)           0.685     1.099    Clk_in_IBUF
    BUFGCTRL_X0Y0        BUFG (Prop_bufg_I_O)         0.029     1.128 r  Clk_in_IBUF_BUFG_inst/O
                         net (fo=33, routed)          0.865     1.992    Slow_Clock/Clk_in_IBUF_BUFG
    SLICE_X64Y40         FDRE                                         r  Slow_Clock/clk_status_reg/C
                         clock pessimism             -0.515     1.477    
    SLICE_X64Y40         FDRE (Hold_fdre_C_D)         0.120     1.597    Slow_Clock/clk_status_reg
  -------------------------------------------------------------------
                         required time                         -1.597    
                         arrival time                           1.860    
  -------------------------------------------------------------------
                         slack                                  0.263    

Slack (MET) :             0.264ns  (arrival time - required time)
  Source:                 Slow_Clock/count_reg[8]/C
                            (rising edge-triggered cell FDRE clocked by sys_clk_pin  {rise@0.000ns fall@5.000ns period=10.000ns})
  Destination:            Slow_Clock/count_reg[8]/D
                            (rising edge-triggered cell FDRE clocked by sys_clk_pin  {rise@0.000ns fall@5.000ns period=10.000ns})
  Path Group:             sys_clk_pin
  Path Type:              Hold (Min at Fast Process Corner)
  Requirement:            0.000ns  (sys_clk_pin rise@0.000ns - sys_clk_pin rise@0.000ns)
  Data Path Delay:        0.369ns  (logic 0.249ns (67.424%)  route 0.120ns (32.576%))
  Logic Levels:           1  (CARRY4=1)
  Clock Path Skew:        0.000ns (DCD - SCD - CPR)
    Destination Clock Delay (DCD):    1.989ns
    Source Clock Delay      (SCD):    1.475ns
    Clock Pessimism Removal (CPR):    0.514ns

    Location             Delay type                Incr(ns)  Path(ns)    Netlist Resource(s)
  -------------------------------------------------------------------    -------------------
                         (clock sys_clk_pin rise edge)
                                                      0.000     0.000 r  
    W5                                                0.000     0.000 r  Clk_in (IN)
                         net (fo=0)                   0.000     0.000    Clk_in
    W5                   IBUF (Prop_ibuf_I_O)         0.226     0.226 r  Clk_in_IBUF_inst/O
                         net (fo=1, routed)           0.631     0.858    Clk_in_IBUF
    BUFGCTRL_X0Y0        BUFG (Prop_bufg_I_O)         0.026     0.884 r  Clk_in_IBUF_BUFG_inst/O
                         net (fo=33, routed)          0.592     1.475    Slow_Clock/Clk_in_IBUF_BUFG
    SLICE_X65Y37         FDRE                                         r  Slow_Clock/count_reg[8]/C
  -------------------------------------------------------------------    -------------------
    SLICE_X65Y37         FDRE (Prop_fdre_C_Q)         0.141     1.616 r  Slow_Clock/count_reg[8]/Q
                         net (fo=2, routed)           0.120     1.736    Slow_Clock/count[8]
    SLICE_X65Y37         CARRY4 (Prop_carry4_S[3]_O[3])
                                                      0.108     1.844 r  Slow_Clock/count_reg[8]_i_1/O[3]
                         net (fo=1, routed)           0.000     1.844    Slow_Clock/data0[8]
    SLICE_X65Y37         FDRE                                         r  Slow_Clock/count_reg[8]/D
  -------------------------------------------------------------------    -------------------

                         (clock sys_clk_pin rise edge)
                                                      0.000     0.000 r  
    W5                                                0.000     0.000 r  Clk_in (IN)
                         net (fo=0)                   0.000     0.000    Clk_in
    W5                   IBUF (Prop_ibuf_I_O)         0.414     0.414 r  Clk_in_IBUF_inst/O
                         net (fo=1, routed)           0.685     1.099    Clk_in_IBUF
    BUFGCTRL_X0Y0        BUFG (Prop_bufg_I_O)         0.029     1.128 r  Clk_in_IBUF_BUFG_inst/O
                         net (fo=33, routed)          0.862     1.989    Slow_Clock/Clk_in_IBUF_BUFG
    SLICE_X65Y37         FDRE                                         r  Slow_Clock/count_reg[8]/C
                         clock pessimism             -0.514     1.475    
    SLICE_X65Y37         FDRE (Hold_fdre_C_D)         0.105     1.580    Slow_Clock/count_reg[8]
  -------------------------------------------------------------------
                         required time                         -1.580    
                         arrival time                           1.844    
  -------------------------------------------------------------------
                         slack                                  0.264    

Slack (MET) :             0.264ns  (arrival time - required time)
  Source:                 Slow_Clock/count_reg[12]/C
                            (rising edge-triggered cell FDRE clocked by sys_clk_pin  {rise@0.000ns fall@5.000ns period=10.000ns})
  Destination:            Slow_Clock/count_reg[12]/D
                            (rising edge-triggered cell FDRE clocked by sys_clk_pin  {rise@0.000ns fall@5.000ns period=10.000ns})
  Path Group:             sys_clk_pin
  Path Type:              Hold (Min at Fast Process Corner)
  Requirement:            0.000ns  (sys_clk_pin rise@0.000ns - sys_clk_pin rise@0.000ns)
  Data Path Delay:        0.369ns  (logic 0.249ns (67.424%)  route 0.120ns (32.576%))
  Logic Levels:           1  (CARRY4=1)
  Clock Path Skew:        0.000ns (DCD - SCD - CPR)
    Destination Clock Delay (DCD):    1.991ns
    Source Clock Delay      (SCD):    1.476ns
    Clock Pessimism Removal (CPR):    0.515ns

    Location             Delay type                Incr(ns)  Path(ns)    Netlist Resource(s)
  -------------------------------------------------------------------    -------------------
                         (clock sys_clk_pin rise edge)
                                                      0.000     0.000 r  
    W5                                                0.000     0.000 r  Clk_in (IN)
                         net (fo=0)                   0.000     0.000    Clk_in
    W5                   IBUF (Prop_ibuf_I_O)         0.226     0.226 r  Clk_in_IBUF_inst/O
                         net (fo=1, routed)           0.631     0.858    Clk_in_IBUF
    BUFGCTRL_X0Y0        BUFG (Prop_bufg_I_O)         0.026     0.884 r  Clk_in_IBUF_BUFG_inst/O
                         net (fo=33, routed)          0.593     1.476    Slow_Clock/Clk_in_IBUF_BUFG
    SLICE_X65Y38         FDRE                                         r  Slow_Clock/count_reg[12]/C
  -------------------------------------------------------------------    -------------------
    SLICE_X65Y38         FDRE (Prop_fdre_C_Q)         0.141     1.617 r  Slow_Clock/count_reg[12]/Q
                         net (fo=2, routed)           0.120     1.737    Slow_Clock/count[12]
    SLICE_X65Y38         CARRY4 (Prop_carry4_S[3]_O[3])
                                                      0.108     1.845 r  Slow_Clock/count_reg[12]_i_1/O[3]
                         net (fo=1, routed)           0.000     1.845    Slow_Clock/data0[12]
    SLICE_X65Y38         FDRE                                         r  Slow_Clock/count_reg[12]/D
  -------------------------------------------------------------------    -------------------

                         (clock sys_clk_pin rise edge)
                                                      0.000     0.000 r  
    W5                                                0.000     0.000 r  Clk_in (IN)
                         net (fo=0)                   0.000     0.000    Clk_in
    W5                   IBUF (Prop_ibuf_I_O)         0.414     0.414 r  Clk_in_IBUF_inst/O
                         net (fo=1, routed)           0.685     1.099    Clk_in_IBUF
    BUFGCTRL_X0Y0        BUFG (Prop_bufg_I_O)         0.029     1.128 r  Clk_in_IBUF_BUFG_inst/O
                         net (fo=33, routed)          0.864     1.991    Slow_Clock/Clk_in_IBUF_BUFG
    SLICE_X65Y38         FDRE                                         r  Slow_Clock/count_reg[12]/C
                         clock pessimism             -0.515     1.476    
    SLICE_X65Y38         FDRE (Hold_fdre_C_D)         0.105     1.581    Slow_Clock/count_reg[12]
  -------------------------------------------------------------------
                         required time                         -1.581    
                         arrival time                           1.845    
  -------------------------------------------------------------------
                         slack                                  0.264    

Slack (MET) :             0.264ns  (arrival time - required time)
  Source:                 Slow_Clock/count_reg[16]/C
                            (rising edge-triggered cell FDRE clocked by sys_clk_pin  {rise@0.000ns fall@5.000ns period=10.000ns})
  Destination:            Slow_Clock/count_reg[16]/D
                            (rising edge-triggered cell FDRE clocked by sys_clk_pin  {rise@0.000ns fall@5.000ns period=10.000ns})
  Path Group:             sys_clk_pin
  Path Type:              Hold (Min at Fast Process Corner)
  Requirement:            0.000ns  (sys_clk_pin rise@0.000ns - sys_clk_pin rise@0.000ns)
  Data Path Delay:        0.369ns  (logic 0.249ns (67.424%)  route 0.120ns (32.576%))
  Logic Levels:           1  (CARRY4=1)
  Clock Path Skew:        0.000ns (DCD - SCD - CPR)
    Destination Clock Delay (DCD):    1.991ns
    Source Clock Delay      (SCD):    1.476ns
    Clock Pessimism Removal (CPR):    0.515ns

    Location             Delay type                Incr(ns)  Path(ns)    Netlist Resource(s)
  -------------------------------------------------------------------    -------------------
                         (clock sys_clk_pin rise edge)
                                                      0.000     0.000 r  
    W5                                                0.000     0.000 r  Clk_in (IN)
                         net (fo=0)                   0.000     0.000    Clk_in
    W5                   IBUF (Prop_ibuf_I_O)         0.226     0.226 r  Clk_in_IBUF_inst/O
                         net (fo=1, routed)           0.631     0.858    Clk_in_IBUF
    BUFGCTRL_X0Y0        BUFG (Prop_bufg_I_O)         0.026     0.884 r  Clk_in_IBUF_BUFG_inst/O
                         net (fo=33, routed)          0.593     1.476    Slow_Clock/Clk_in_IBUF_BUFG
    SLICE_X65Y39         FDRE                                         r  Slow_Clock/count_reg[16]/C
  -------------------------------------------------------------------    -------------------
    SLICE_X65Y39         FDRE (Prop_fdre_C_Q)         0.141     1.617 r  Slow_Clock/count_reg[16]/Q
                         net (fo=2, routed)           0.120     1.737    Slow_Clock/count[16]
    SLICE_X65Y39         CARRY4 (Prop_carry4_S[3]_O[3])
                                                      0.108     1.845 r  Slow_Clock/count_reg[16]_i_1/O[3]
                         net (fo=1, routed)           0.000     1.845    Slow_Clock/data0[16]
    SLICE_X65Y39         FDRE                                         r  Slow_Clock/count_reg[16]/D
  -------------------------------------------------------------------    -------------------

                         (clock sys_clk_pin rise edge)
                                                      0.000     0.000 r  
    W5                                                0.000     0.000 r  Clk_in (IN)
                         net (fo=0)                   0.000     0.000    Clk_in
    W5                   IBUF (Prop_ibuf_I_O)         0.414     0.414 r  Clk_in_IBUF_inst/O
                         net (fo=1, routed)           0.685     1.099    Clk_in_IBUF
    BUFGCTRL_X0Y0        BUFG (Prop_bufg_I_O)         0.029     1.128 r  Clk_in_IBUF_BUFG_inst/O
                         net (fo=33, routed)          0.864     1.991    Slow_Clock/Clk_in_IBUF_BUFG
    SLICE_X65Y39         FDRE                                         r  Slow_Clock/count_reg[16]/C
                         clock pessimism             -0.515     1.476    
    SLICE_X65Y39         FDRE (Hold_fdre_C_D)         0.105     1.581    Slow_Clock/count_reg[16]
  -------------------------------------------------------------------
                         required time                         -1.581    
                         arrival time                           1.845    
  -------------------------------------------------------------------
                         slack                                  0.264    

Slack (MET) :             0.264ns  (arrival time - required time)
  Source:                 Slow_Clock/count_reg[20]/C
                            (rising edge-triggered cell FDRE clocked by sys_clk_pin  {rise@0.000ns fall@5.000ns period=10.000ns})
  Destination:            Slow_Clock/count_reg[20]/D
                            (rising edge-triggered cell FDRE clocked by sys_clk_pin  {rise@0.000ns fall@5.000ns period=10.000ns})
  Path Group:             sys_clk_pin
  Path Type:              Hold (Min at Fast Process Corner)
  Requirement:            0.000ns  (sys_clk_pin rise@0.000ns - sys_clk_pin rise@0.000ns)
  Data Path Delay:        0.369ns  (logic 0.249ns (67.424%)  route 0.120ns (32.576%))
  Logic Levels:           1  (CARRY4=1)
  Clock Path Skew:        0.000ns (DCD - SCD - CPR)
    Destination Clock Delay (DCD):    1.992ns
    Source Clock Delay      (SCD):    1.477ns
    Clock Pessimism Removal (CPR):    0.515ns

    Location             Delay type                Incr(ns)  Path(ns)    Netlist Resource(s)
  -------------------------------------------------------------------    -------------------
                         (clock sys_clk_pin rise edge)
                                                      0.000     0.000 r  
    W5                                                0.000     0.000 r  Clk_in (IN)
                         net (fo=0)                   0.000     0.000    Clk_in
    W5                   IBUF (Prop_ibuf_I_O)         0.226     0.226 r  Clk_in_IBUF_inst/O
                         net (fo=1, routed)           0.631     0.858    Clk_in_IBUF
    BUFGCTRL_X0Y0        BUFG (Prop_bufg_I_O)         0.026     0.884 r  Clk_in_IBUF_BUFG_inst/O
                         net (fo=33, routed)          0.594     1.477    Slow_Clock/Clk_in_IBUF_BUFG
    SLICE_X65Y40         FDRE                                         r  Slow_Clock/count_reg[20]/C
  -------------------------------------------------------------------    -------------------
    SLICE_X65Y40         FDRE (Prop_fdre_C_Q)         0.141     1.618 r  Slow_Clock/count_reg[20]/Q
                         net (fo=2, routed)           0.120     1.738    Slow_Clock/count[20]
    SLICE_X65Y40         CARRY4 (Prop_carry4_S[3]_O[3])
                                                      0.108     1.846 r  Slow_Clock/count_reg[20]_i_1/O[3]
                         net (fo=1, routed)           0.000     1.846    Slow_Clock/data0[20]
    SLICE_X65Y40         FDRE                                         r  Slow_Clock/count_reg[20]/D
  -------------------------------------------------------------------    -------------------

                         (clock sys_clk_pin rise edge)
                                                      0.000     0.000 r  
    W5                                                0.000     0.000 r  Clk_in (IN)
                         net (fo=0)                   0.000     0.000    Clk_in
    W5                   IBUF (Prop_ibuf_I_O)         0.414     0.414 r  Clk_in_IBUF_inst/O
                         net (fo=1, routed)           0.685     1.099    Clk_in_IBUF
    BUFGCTRL_X0Y0        BUFG (Prop_bufg_I_O)         0.029     1.128 r  Clk_in_IBUF_BUFG_inst/O
                         net (fo=33, routed)          0.865     1.992    Slow_Clock/Clk_in_IBUF_BUFG
    SLICE_X65Y40         FDRE                                         r  Slow_Clock/count_reg[20]/C
                         clock pessimism             -0.515     1.477    
    SLICE_X65Y40         FDRE (Hold_fdre_C_D)         0.105     1.582    Slow_Clock/count_reg[20]
  -------------------------------------------------------------------
                         required time                         -1.582    
                         arrival time                           1.846    
  -------------------------------------------------------------------
                         slack                                  0.264    

Slack (MET) :             0.264ns  (arrival time - required time)
  Source:                 Slow_Clock/count_reg[24]/C
                            (rising edge-triggered cell FDRE clocked by sys_clk_pin  {rise@0.000ns fall@5.000ns period=10.000ns})
  Destination:            Slow_Clock/count_reg[24]/D
                            (rising edge-triggered cell FDRE clocked by sys_clk_pin  {rise@0.000ns fall@5.000ns period=10.000ns})
  Path Group:             sys_clk_pin
  Path Type:              Hold (Min at Fast Process Corner)
  Requirement:            0.000ns  (sys_clk_pin rise@0.000ns - sys_clk_pin rise@0.000ns)
  Data Path Delay:        0.369ns  (logic 0.249ns (67.424%)  route 0.120ns (32.576%))
  Logic Levels:           1  (CARRY4=1)
  Clock Path Skew:        0.000ns (DCD - SCD - CPR)
    Destination Clock Delay (DCD):    1.992ns
    Source Clock Delay      (SCD):    1.477ns
    Clock Pessimism Removal (CPR):    0.515ns

    Location             Delay type                Incr(ns)  Path(ns)    Netlist Resource(s)
  -------------------------------------------------------------------    -------------------
                         (clock sys_clk_pin rise edge)
                                                      0.000     0.000 r  
    W5                                                0.000     0.000 r  Clk_in (IN)
                         net (fo=0)                   0.000     0.000    Clk_in
    W5                   IBUF (Prop_ibuf_I_O)         0.226     0.226 r  Clk_in_IBUF_inst/O
                         net (fo=1, routed)           0.631     0.858    Clk_in_IBUF
    BUFGCTRL_X0Y0        BUFG (Prop_bufg_I_O)         0.026     0.884 r  Clk_in_IBUF_BUFG_inst/O
                         net (fo=33, routed)          0.594     1.477    Slow_Clock/Clk_in_IBUF_BUFG
    SLICE_X65Y41         FDRE                                         r  Slow_Clock/count_reg[24]/C
  -------------------------------------------------------------------    -------------------
    SLICE_X65Y41         FDRE (Prop_fdre_C_Q)         0.141     1.618 r  Slow_Clock/count_reg[24]/Q
                         net (fo=2, routed)           0.120     1.738    Slow_Clock/count[24]
    SLICE_X65Y41         CARRY4 (Prop_carry4_S[3]_O[3])
                                                      0.108     1.846 r  Slow_Clock/count_reg[24]_i_1/O[3]
                         net (fo=1, routed)           0.000     1.846    Slow_Clock/data0[24]
    SLICE_X65Y41         FDRE                                         r  Slow_Clock/count_reg[24]/D
  -------------------------------------------------------------------    -------------------

                         (clock sys_clk_pin rise edge)
                                                      0.000     0.000 r  
    W5                                                0.000     0.000 r  Clk_in (IN)
                         net (fo=0)                   0.000     0.000    Clk_in
    W5                   IBUF (Prop_ibuf_I_O)         0.414     0.414 r  Clk_in_IBUF_inst/O
                         net (fo=1, routed)           0.685     1.099    Clk_in_IBUF
    BUFGCTRL_X0Y0        BUFG (Prop_bufg_I_O)         0.029     1.128 r  Clk_in_IBUF_BUFG_inst/O
                         net (fo=33, routed)          0.865     1.992    Slow_Clock/Clk_in_IBUF_BUFG
    SLICE_X65Y41         FDRE                                         r  Slow_Clock/count_reg[24]/C
                         clock pessimism             -0.515     1.477    
    SLICE_X65Y41         FDRE (Hold_fdre_C_D)         0.105     1.582    Slow_Clock/count_reg[24]
  -------------------------------------------------------------------
                         required time                         -1.582    
                         arrival time                           1.846    
  -------------------------------------------------------------------
                         slack                                  0.264    

Slack (MET) :             0.264ns  (arrival time - required time)
  Source:                 Slow_Clock/count_reg[28]/C
                            (rising edge-triggered cell FDRE clocked by sys_clk_pin  {rise@0.000ns fall@5.000ns period=10.000ns})
  Destination:            Slow_Clock/count_reg[28]/D
                            (rising edge-triggered cell FDRE clocked by sys_clk_pin  {rise@0.000ns fall@5.000ns period=10.000ns})
  Path Group:             sys_clk_pin
  Path Type:              Hold (Min at Fast Process Corner)
  Requirement:            0.000ns  (sys_clk_pin rise@0.000ns - sys_clk_pin rise@0.000ns)
  Data Path Delay:        0.369ns  (logic 0.249ns (67.424%)  route 0.120ns (32.576%))
  Logic Levels:           1  (CARRY4=1)
  Clock Path Skew:        0.000ns (DCD - SCD - CPR)
    Destination Clock Delay (DCD):    1.992ns
    Source Clock Delay      (SCD):    1.477ns
    Clock Pessimism Removal (CPR):    0.515ns

    Location             Delay type                Incr(ns)  Path(ns)    Netlist Resource(s)
  -------------------------------------------------------------------    -------------------
                         (clock sys_clk_pin rise edge)
                                                      0.000     0.000 r  
    W5                                                0.000     0.000 r  Clk_in (IN)
                         net (fo=0)                   0.000     0.000    Clk_in
    W5                   IBUF (Prop_ibuf_I_O)         0.226     0.226 r  Clk_in_IBUF_inst/O
                         net (fo=1, routed)           0.631     0.858    Clk_in_IBUF
    BUFGCTRL_X0Y0        BUFG (Prop_bufg_I_O)         0.026     0.884 r  Clk_in_IBUF_BUFG_inst/O
                         net (fo=33, routed)          0.594     1.477    Slow_Clock/Clk_in_IBUF_BUFG
    SLICE_X65Y42         FDRE                                         r  Slow_Clock/count_reg[28]/C
  -------------------------------------------------------------------    -------------------
    SLICE_X65Y42         FDRE (Prop_fdre_C_Q)         0.141     1.618 r  Slow_Clock/count_reg[28]/Q
                         net (fo=2, routed)           0.120     1.738    Slow_Clock/count[28]
    SLICE_X65Y42         CARRY4 (Prop_carry4_S[3]_O[3])
                                                      0.108     1.846 r  Slow_Clock/count_reg[28]_i_1/O[3]
                         net (fo=1, routed)           0.000     1.846    Slow_Clock/data0[28]
    SLICE_X65Y42         FDRE                                         r  Slow_Clock/count_reg[28]/D
  -------------------------------------------------------------------    -------------------

                         (clock sys_clk_pin rise edge)
                                                      0.000     0.000 r  
    W5                                                0.000     0.000 r  Clk_in (IN)
                         net (fo=0)                   0.000     0.000    Clk_in
    W5                   IBUF (Prop_ibuf_I_O)         0.414     0.414 r  Clk_in_IBUF_inst/O
                         net (fo=1, routed)           0.685     1.099    Clk_in_IBUF
    BUFGCTRL_X0Y0        BUFG (Prop_bufg_I_O)         0.029     1.128 r  Clk_in_IBUF_BUFG_inst/O
                         net (fo=33, routed)          0.865     1.992    Slow_Clock/Clk_in_IBUF_BUFG
    SLICE_X65Y42         FDRE                                         r  Slow_Clock/count_reg[28]/C
                         clock pessimism             -0.515     1.477    
    SLICE_X65Y42         FDRE (Hold_fdre_C_D)         0.105     1.582    Slow_Clock/count_reg[28]
  -------------------------------------------------------------------
                         required time                         -1.582    
                         arrival time                           1.846    
  -------------------------------------------------------------------
                         slack                                  0.264    

Slack (MET) :             0.264ns  (arrival time - required time)
  Source:                 Slow_Clock/count_reg[4]/C
                            (rising edge-triggered cell FDRE clocked by sys_clk_pin  {rise@0.000ns fall@5.000ns period=10.000ns})
  Destination:            Slow_Clock/count_reg[4]/D
                            (rising edge-triggered cell FDRE clocked by sys_clk_pin  {rise@0.000ns fall@5.000ns period=10.000ns})
  Path Group:             sys_clk_pin
  Path Type:              Hold (Min at Fast Process Corner)
  Requirement:            0.000ns  (sys_clk_pin rise@0.000ns - sys_clk_pin rise@0.000ns)
  Data Path Delay:        0.369ns  (logic 0.249ns (67.424%)  route 0.120ns (32.576%))
  Logic Levels:           1  (CARRY4=1)
  Clock Path Skew:        0.000ns (DCD - SCD - CPR)
    Destination Clock Delay (DCD):    1.988ns
    Source Clock Delay      (SCD):    1.474ns
    Clock Pessimism Removal (CPR):    0.514ns

    Location             Delay type                Incr(ns)  Path(ns)    Netlist Resource(s)
  -------------------------------------------------------------------    -------------------
                         (clock sys_clk_pin rise edge)
                                                      0.000     0.000 r  
    W5                                                0.000     0.000 r  Clk_in (IN)
                         net (fo=0)                   0.000     0.000    Clk_in
    W5                   IBUF (Prop_ibuf_I_O)         0.226     0.226 r  Clk_in_IBUF_inst/O
                         net (fo=1, routed)           0.631     0.858    Clk_in_IBUF
    BUFGCTRL_X0Y0        BUFG (Prop_bufg_I_O)         0.026     0.884 r  Clk_in_IBUF_BUFG_inst/O
                         net (fo=33, routed)          0.591     1.474    Slow_Clock/Clk_in_IBUF_BUFG
    SLICE_X65Y36         FDRE                                         r  Slow_Clock/count_reg[4]/C
  -------------------------------------------------------------------    -------------------
    SLICE_X65Y36         FDRE (Prop_fdre_C_Q)         0.141     1.615 r  Slow_Clock/count_reg[4]/Q
                         net (fo=2, routed)           0.120     1.735    Slow_Clock/count[4]
    SLICE_X65Y36         CARRY4 (Prop_carry4_S[3]_O[3])
                                                      0.108     1.843 r  Slow_Clock/count_reg[4]_i_1/O[3]
                         net (fo=1, routed)           0.000     1.843    Slow_Clock/data0[4]
    SLICE_X65Y36         FDRE                                         r  Slow_Clock/count_reg[4]/D
  -------------------------------------------------------------------    -------------------

                         (clock sys_clk_pin rise edge)
                                                      0.000     0.000 r  
    W5                                                0.000     0.000 r  Clk_in (IN)
                         net (fo=0)                   0.000     0.000    Clk_in
    W5                   IBUF (Prop_ibuf_I_O)         0.414     0.414 r  Clk_in_IBUF_inst/O
                         net (fo=1, routed)           0.685     1.099    Clk_in_IBUF
    BUFGCTRL_X0Y0        BUFG (Prop_bufg_I_O)         0.029     1.128 r  Clk_in_IBUF_BUFG_inst/O
                         net (fo=33, routed)          0.861     1.988    Slow_Clock/Clk_in_IBUF_BUFG
    SLICE_X65Y36         FDRE                                         r  Slow_Clock/count_reg[4]/C
                         clock pessimism             -0.514     1.474    
    SLICE_X65Y36         FDRE (Hold_fdre_C_D)         0.105     1.579    Slow_Clock/count_reg[4]
  -------------------------------------------------------------------
                         required time                         -1.579    
                         arrival time                           1.843    
  -------------------------------------------------------------------
                         slack                                  0.264    

Slack (MET) :             0.267ns  (arrival time - required time)
  Source:                 Slow_Clock/count_reg[5]/C
                            (rising edge-triggered cell FDRE clocked by sys_clk_pin  {rise@0.000ns fall@5.000ns period=10.000ns})
  Destination:            Slow_Clock/count_reg[5]/D
                            (rising edge-triggered cell FDRE clocked by sys_clk_pin  {rise@0.000ns fall@5.000ns period=10.000ns})
  Path Group:             sys_clk_pin
  Path Type:              Hold (Min at Fast Process Corner)
  Requirement:            0.000ns  (sys_clk_pin rise@0.000ns - sys_clk_pin rise@0.000ns)
  Data Path Delay:        0.372ns  (logic 0.256ns (68.766%)  route 0.116ns (31.234%))
  Logic Levels:           1  (CARRY4=1)
  Clock Path Skew:        0.000ns (DCD - SCD - CPR)
    Destination Clock Delay (DCD):    1.989ns
    Source Clock Delay      (SCD):    1.475ns
    Clock Pessimism Removal (CPR):    0.514ns

    Location             Delay type                Incr(ns)  Path(ns)    Netlist Resource(s)
  -------------------------------------------------------------------    -------------------
                         (clock sys_clk_pin rise edge)
                                                      0.000     0.000 r  
    W5                                                0.000     0.000 r  Clk_in (IN)
                         net (fo=0)                   0.000     0.000    Clk_in
    W5                   IBUF (Prop_ibuf_I_O)         0.226     0.226 r  Clk_in_IBUF_inst/O
                         net (fo=1, routed)           0.631     0.858    Clk_in_IBUF
    BUFGCTRL_X0Y0        BUFG (Prop_bufg_I_O)         0.026     0.884 r  Clk_in_IBUF_BUFG_inst/O
                         net (fo=33, routed)          0.592     1.475    Slow_Clock/Clk_in_IBUF_BUFG
    SLICE_X65Y37         FDRE                                         r  Slow_Clock/count_reg[5]/C
  -------------------------------------------------------------------    -------------------
    SLICE_X65Y37         FDRE (Prop_fdre_C_Q)         0.141     1.616 r  Slow_Clock/count_reg[5]/Q
                         net (fo=2, routed)           0.116     1.732    Slow_Clock/count[5]
    SLICE_X65Y37         CARRY4 (Prop_carry4_S[0]_O[0])
                                                      0.115     1.847 r  Slow_Clock/count_reg[8]_i_1/O[0]
                         net (fo=1, routed)           0.000     1.847    Slow_Clock/data0[5]
    SLICE_X65Y37         FDRE                                         r  Slow_Clock/count_reg[5]/D
  -------------------------------------------------------------------    -------------------

                         (clock sys_clk_pin rise edge)
                                                      0.000     0.000 r  
    W5                                                0.000     0.000 r  Clk_in (IN)
                         net (fo=0)                   0.000     0.000    Clk_in
    W5                   IBUF (Prop_ibuf_I_O)         0.414     0.414 r  Clk_in_IBUF_inst/O
                         net (fo=1, routed)           0.685     1.099    Clk_in_IBUF
    BUFGCTRL_X0Y0        BUFG (Prop_bufg_I_O)         0.029     1.128 r  Clk_in_IBUF_BUFG_inst/O
                         net (fo=33, routed)          0.862     1.989    Slow_Clock/Clk_in_IBUF_BUFG
    SLICE_X65Y37         FDRE                                         r  Slow_Clock/count_reg[5]/C
                         clock pessimism             -0.514     1.475    
    SLICE_X65Y37         FDRE (Hold_fdre_C_D)         0.105     1.580    Slow_Clock/count_reg[5]
  -------------------------------------------------------------------
                         required time                         -1.580    
                         arrival time                           1.847    
  -------------------------------------------------------------------
                         slack                                  0.267    

Slack (MET) :             0.267ns  (arrival time - required time)
  Source:                 Slow_Clock/count_reg[13]/C
                            (rising edge-triggered cell FDRE clocked by sys_clk_pin  {rise@0.000ns fall@5.000ns period=10.000ns})
  Destination:            Slow_Clock/count_reg[13]/D
                            (rising edge-triggered cell FDRE clocked by sys_clk_pin  {rise@0.000ns fall@5.000ns period=10.000ns})
  Path Group:             sys_clk_pin
  Path Type:              Hold (Min at Fast Process Corner)
  Requirement:            0.000ns  (sys_clk_pin rise@0.000ns - sys_clk_pin rise@0.000ns)
  Data Path Delay:        0.372ns  (logic 0.256ns (68.766%)  route 0.116ns (31.234%))
  Logic Levels:           1  (CARRY4=1)
  Clock Path Skew:        0.000ns (DCD - SCD - CPR)
    Destination Clock Delay (DCD):    1.991ns
    Source Clock Delay      (SCD):    1.476ns
    Clock Pessimism Removal (CPR):    0.515ns

    Location             Delay type                Incr(ns)  Path(ns)    Netlist Resource(s)
  -------------------------------------------------------------------    -------------------
                         (clock sys_clk_pin rise edge)
                                                      0.000     0.000 r  
    W5                                                0.000     0.000 r  Clk_in (IN)
                         net (fo=0)                   0.000     0.000    Clk_in
    W5                   IBUF (Prop_ibuf_I_O)         0.226     0.226 r  Clk_in_IBUF_inst/O
                         net (fo=1, routed)           0.631     0.858    Clk_in_IBUF
    BUFGCTRL_X0Y0        BUFG (Prop_bufg_I_O)         0.026     0.884 r  Clk_in_IBUF_BUFG_inst/O
                         net (fo=33, routed)          0.593     1.476    Slow_Clock/Clk_in_IBUF_BUFG
    SLICE_X65Y39         FDRE                                         r  Slow_Clock/count_reg[13]/C
  -------------------------------------------------------------------    -------------------
    SLICE_X65Y39         FDRE (Prop_fdre_C_Q)         0.141     1.617 r  Slow_Clock/count_reg[13]/Q
                         net (fo=2, routed)           0.116     1.733    Slow_Clock/count[13]
    SLICE_X65Y39         CARRY4 (Prop_carry4_S[0]_O[0])
                                                      0.115     1.848 r  Slow_Clock/count_reg[16]_i_1/O[0]
                         net (fo=1, routed)           0.000     1.848    Slow_Clock/data0[13]
    SLICE_X65Y39         FDRE                                         r  Slow_Clock/count_reg[13]/D
  -------------------------------------------------------------------    -------------------

                         (clock sys_clk_pin rise edge)
                                                      0.000     0.000 r  
    W5                                                0.000     0.000 r  Clk_in (IN)
                         net (fo=0)                   0.000     0.000    Clk_in
    W5                   IBUF (Prop_ibuf_I_O)         0.414     0.414 r  Clk_in_IBUF_inst/O
                         net (fo=1, routed)           0.685     1.099    Clk_in_IBUF
    BUFGCTRL_X0Y0        BUFG (Prop_bufg_I_O)         0.029     1.128 r  Clk_in_IBUF_BUFG_inst/O
                         net (fo=33, routed)          0.864     1.991    Slow_Clock/Clk_in_IBUF_BUFG
    SLICE_X65Y39         FDRE                                         r  Slow_Clock/count_reg[13]/C
                         clock pessimism             -0.515     1.476    
    SLICE_X65Y39         FDRE (Hold_fdre_C_D)         0.105     1.581    Slow_Clock/count_reg[13]
  -------------------------------------------------------------------
                         required time                         -1.581    
                         arrival time                           1.848    
  -------------------------------------------------------------------
                         slack                                  0.267    





Pulse Width Checks
--------------------------------------------------------------------------------------
Clock Name:         sys_clk_pin
Waveform(ns):       { 0.000 5.000 }
Period(ns):         10.000
Sources:            { Clk_in }

Check Type        Corner  Lib Pin  Reference Pin  Required(ns)  Actual(ns)  Slack(ns)  Location       Pin
Min Period        n/a     BUFG/I   n/a            2.155         10.000      7.845      BUFGCTRL_X0Y0  Clk_in_IBUF_BUFG_inst/I
Min Period        n/a     FDRE/C   n/a            1.000         10.000      9.000      SLICE_X64Y40   Slow_Clock/clk_status_reg/C
Min Period        n/a     FDRE/C   n/a            1.000         10.000      9.000      SLICE_X64Y37   Slow_Clock/count_reg[0]/C
Min Period        n/a     FDRE/C   n/a            1.000         10.000      9.000      SLICE_X65Y38   Slow_Clock/count_reg[10]/C
Min Period        n/a     FDRE/C   n/a            1.000         10.000      9.000      SLICE_X65Y38   Slow_Clock/count_reg[11]/C
Min Period        n/a     FDRE/C   n/a            1.000         10.000      9.000      SLICE_X65Y38   Slow_Clock/count_reg[12]/C
Min Period        n/a     FDRE/C   n/a            1.000         10.000      9.000      SLICE_X65Y39   Slow_Clock/count_reg[13]/C
Min Period        n/a     FDRE/C   n/a            1.000         10.000      9.000      SLICE_X65Y39   Slow_Clock/count_reg[14]/C
Min Period        n/a     FDRE/C   n/a            1.000         10.000      9.000      SLICE_X65Y39   Slow_Clock/count_reg[15]/C
Min Period        n/a     FDRE/C   n/a            1.000         10.000      9.000      SLICE_X65Y39   Slow_Clock/count_reg[16]/C
Low Pulse Width   Fast    FDRE/C   n/a            0.500         5.000       4.500      SLICE_X64Y37   Slow_Clock/count_reg[0]/C
Low Pulse Width   Fast    FDRE/C   n/a            0.500         5.000       4.500      SLICE_X65Y38   Slow_Clock/count_reg[10]/C
Low Pulse Width   Fast    FDRE/C   n/a            0.500         5.000       4.500      SLICE_X65Y38   Slow_Clock/count_reg[11]/C
Low Pulse Width   Fast    FDRE/C   n/a            0.500         5.000       4.500      SLICE_X65Y38   Slow_Clock/count_reg[12]/C
Low Pulse Width   Fast    FDRE/C   n/a            0.500         5.000       4.500      SLICE_X65Y39   Slow_Clock/count_reg[13]/C
Low Pulse Width   Fast    FDRE/C   n/a            0.500         5.000       4.500      SLICE_X65Y39   Slow_Clock/count_reg[14]/C
Low Pulse Width   Fast    FDRE/C   n/a            0.500         5.000       4.500      SLICE_X65Y39   Slow_Clock/count_reg[15]/C
Low Pulse Width   Fast    FDRE/C   n/a            0.500         5.000       4.500      SLICE_X65Y39   Slow_Clock/count_reg[16]/C
Low Pulse Width   Fast    FDRE/C   n/a            0.500         5.000       4.500      SLICE_X65Y36   Slow_Clock/count_reg[1]/C
Low Pulse Width   Slow    FDRE/C   n/a            0.500         5.000       4.500      SLICE_X65Y41   Slow_Clock/count_reg[21]/C
High Pulse Width  Slow    FDRE/C   n/a            0.500         5.000       4.500      SLICE_X65Y43   Slow_Clock/count_reg[29]/C
High Pulse Width  Slow    FDRE/C   n/a            0.500         5.000       4.500      SLICE_X65Y43   Slow_Clock/count_reg[30]/C
High Pulse Width  Slow    FDRE/C   n/a            0.500         5.000       4.500      SLICE_X65Y43   Slow_Clock/count_reg[31]/C
High Pulse Width  Fast    FDRE/C   n/a            0.500         5.000       4.500      SLICE_X64Y40   Slow_Clock/clk_status_reg/C
High Pulse Width  Slow    FDRE/C   n/a            0.500         5.000       4.500      SLICE_X64Y37   Slow_Clock/count_reg[0]/C
High Pulse Width  Fast    FDRE/C   n/a            0.500         5.000       4.500      SLICE_X64Y37   Slow_Clock/count_reg[0]/C
High Pulse Width  Fast    FDRE/C   n/a            0.500         5.000       4.500      SLICE_X65Y40   Slow_Clock/count_reg[17]/C
High Pulse Width  Fast    FDRE/C   n/a            0.500         5.000       4.500      SLICE_X65Y40   Slow_Clock/count_reg[18]/C
High Pulse Width  Fast    FDRE/C   n/a            0.500         5.000       4.500      SLICE_X65Y40   Slow_Clock/count_reg[19]/C
High Pulse Width  Slow    FDRE/C   n/a            0.500         5.000       4.500      SLICE_X65Y36   Slow_Clock/count_reg[1]/C



